Start testing: Jun 21 13:38 CEST
----------------------------------------------------------
1/1 Testing: program.unit_tests
1/1 Test: program.unit_tests
Command: "/home/mburakowski/pobiektowe/zad5_3-mburakow/build/unit_tests"
Directory: /home/mburakowski/pobiektowe/zad5_3-mburakow/build/tests
"program.unit_tests" start time: Jun 21 13:38 CEST
Output:
----------------------------------------------------------
[doctest] doctest version is "2.4.5"
[doctest] run with "--help" for options
===============================================================================
[doctest] test cases: 1 | 1 passed | 0 failed | 0 skipped
[doctest] assertions: 1 | 1 passed | 0 failed |
[doctest] Status: SUCCESS!
<end of output>
Test time =   0.09 sec
----------------------------------------------------------
Test Passed.
"program.unit_tests" end time: Jun 21 13:38 CEST
"program.unit_tests" time elapsed: 00:00:00
----------------------------------------------------------

End testing: Jun 21 13:38 CEST
