TN:
SF:/usr/include/c++/9/ext/aligned_buffer.h
FN:64,_ZN9__gnu_cxx16__aligned_membufIN7doctest6StringEE7_M_addrEv
FNDA:0,_ZN9__gnu_cxx16__aligned_membufIN7doctest6StringEE7_M_addrEv
FN:64,_ZN9__gnu_cxx16__aligned_membufISt6vectorIN7doctest16SubcaseSignatureESaIS3_EEE7_M_addrEv
FNDA:0,_ZN9__gnu_cxx16__aligned_membufISt6vectorIN7doctest16SubcaseSignatureESaIS3_EEE7_M_addrEv
FN:64,_ZN9__gnu_cxx16__aligned_membufIN7doctest6detail8TestCaseEE7_M_addrEv
FNDA:2,_ZN9__gnu_cxx16__aligned_membufIN7doctest6detail8TestCaseEE7_M_addrEv
FN:64,_ZN9__gnu_cxx16__aligned_membufISt4pairIKS1_IiN7doctest6StringEEPFPNS2_9IReporterERKNS2_14ContextOptionsEEEE7_M_addrEv
FNDA:9,_ZN9__gnu_cxx16__aligned_membufISt4pairIKS1_IiN7doctest6StringEEPFPNS2_9IReporterERKNS2_14ContextOptionsEEEE7_M_addrEv
FN:68,_ZNK9__gnu_cxx16__aligned_membufIN7doctest6StringEE7_M_addrEv
FNDA:0,_ZNK9__gnu_cxx16__aligned_membufIN7doctest6StringEE7_M_addrEv
FN:68,_ZNK9__gnu_cxx16__aligned_membufISt6vectorIN7doctest16SubcaseSignatureESaIS3_EEE7_M_addrEv
FNDA:0,_ZNK9__gnu_cxx16__aligned_membufISt6vectorIN7doctest16SubcaseSignatureESaIS3_EEE7_M_addrEv
FN:68,_ZNK9__gnu_cxx16__aligned_membufIN7doctest6detail8TestCaseEE7_M_addrEv
FNDA:1,_ZNK9__gnu_cxx16__aligned_membufIN7doctest6detail8TestCaseEE7_M_addrEv
FN:68,_ZNK9__gnu_cxx16__aligned_membufISt4pairIKS1_IiN7doctest6StringEEPFPNS2_9IReporterERKNS2_14ContextOptionsEEEE7_M_addrEv
FNDA:5,_ZNK9__gnu_cxx16__aligned_membufISt4pairIKS1_IiN7doctest6StringEEPFPNS2_9IReporterERKNS2_14ContextOptionsEEEE7_M_addrEv
FN:72,_ZN9__gnu_cxx16__aligned_membufIN7doctest6StringEE6_M_ptrEv
FNDA:0,_ZN9__gnu_cxx16__aligned_membufIN7doctest6StringEE6_M_ptrEv
FN:72,_ZN9__gnu_cxx16__aligned_membufISt6vectorIN7doctest16SubcaseSignatureESaIS3_EEE6_M_ptrEv
FNDA:0,_ZN9__gnu_cxx16__aligned_membufISt6vectorIN7doctest16SubcaseSignatureESaIS3_EEE6_M_ptrEv
FN:72,_ZN9__gnu_cxx16__aligned_membufIN7doctest6detail8TestCaseEE6_M_ptrEv
FNDA:2,_ZN9__gnu_cxx16__aligned_membufIN7doctest6detail8TestCaseEE6_M_ptrEv
FN:72,_ZN9__gnu_cxx16__aligned_membufISt4pairIKS1_IiN7doctest6StringEEPFPNS2_9IReporterERKNS2_14ContextOptionsEEEE6_M_ptrEv
FNDA:9,_ZN9__gnu_cxx16__aligned_membufISt4pairIKS1_IiN7doctest6StringEEPFPNS2_9IReporterERKNS2_14ContextOptionsEEEE6_M_ptrEv
FN:76,_ZNK9__gnu_cxx16__aligned_membufIN7doctest6StringEE6_M_ptrEv
FNDA:0,_ZNK9__gnu_cxx16__aligned_membufIN7doctest6StringEE6_M_ptrEv
FN:76,_ZNK9__gnu_cxx16__aligned_membufISt6vectorIN7doctest16SubcaseSignatureESaIS3_EEE6_M_ptrEv
FNDA:0,_ZNK9__gnu_cxx16__aligned_membufISt6vectorIN7doctest16SubcaseSignatureESaIS3_EEE6_M_ptrEv
FN:76,_ZNK9__gnu_cxx16__aligned_membufIN7doctest6detail8TestCaseEE6_M_ptrEv
FNDA:1,_ZNK9__gnu_cxx16__aligned_membufIN7doctest6detail8TestCaseEE6_M_ptrEv
FN:76,_ZNK9__gnu_cxx16__aligned_membufISt4pairIKS1_IiN7doctest6StringEEPFPNS2_9IReporterERKNS2_14ContextOptionsEEEE6_M_ptrEv
FNDA:5,_ZNK9__gnu_cxx16__aligned_membufISt4pairIKS1_IiN7doctest6StringEEPFPNS2_9IReporterERKNS2_14ContextOptionsEEEE6_M_ptrEv
DA:64,0
DA:65,0
DA:64,0
DA:65,0
DA:64,2
DA:65,2
DA:64,9
DA:65,9
DA:68,0
DA:69,0
DA:68,0
DA:69,0
DA:68,1
DA:69,1
DA:68,5
DA:69,5
DA:72,0
DA:73,0
DA:72,0
DA:73,0
DA:72,2
DA:73,2
DA:72,9
DA:73,9
DA:76,0
DA:77,0
DA:76,0
DA:77,0
DA:76,1
DA:77,1
DA:76,5
DA:77,5
end_of_record
SF:/usr/include/c++/9/bits/stl_algo.h
FN:78,_ZSt22__move_median_to_firstIN9__gnu_cxx17__normal_iteratorIPPKN7doctest6detail8TestCaseESt6vectorIS6_SaIS6_EEEENS0_5__ops15_Iter_comp_iterIPFbS6_S6_EEEEvT_SH_SH_SH_T0_
FNDA:0,_ZSt22__move_median_to_firstIN9__gnu_cxx17__normal_iteratorIPPKN7doctest6detail8TestCaseESt6vectorIS6_SaIS6_EEEENS0_5__ops15_Iter_comp_iterIPFbS6_S6_EEEEvT_SH_SH_SH_T0_
FN:112,_ZSt9__find_ifIN9__gnu_cxx17__normal_iteratorIPPKN7doctest6detail20IExceptionTranslatorESt6vectorIS6_SaIS6_EEEENS0_5__ops16_Iter_equals_valIKS6_EEET_SG_SG_T0_St26random_access_iterator_tag
FNDA:0,_ZSt9__find_ifIN9__gnu_cxx17__normal_iteratorIPPKN7doctest6detail20IExceptionTranslatorESt6vectorIS6_SaIS6_EEEENS0_5__ops16_Iter_equals_valIKS6_EEET_SG_SG_T0_St26random_access_iterator_tag
FN:159,_ZSt9__find_ifIN9__gnu_cxx17__normal_iteratorIPPKN7doctest6detail20IExceptionTranslatorESt6vectorIS6_SaIS6_EEEENS0_5__ops16_Iter_equals_valIKS6_EEET_SG_SG_T0_
FNDA:0,_ZSt9__find_ifIN9__gnu_cxx17__normal_iteratorIPPKN7doctest6detail20IExceptionTranslatorESt6vectorIS6_SaIS6_EEEENS0_5__ops16_Iter_equals_valIKS6_EEET_SG_SG_T0_
FN:1667,_ZSt13__heap_selectIN9__gnu_cxx17__normal_iteratorIPPKN7doctest6detail8TestCaseESt6vectorIS6_SaIS6_EEEENS0_5__ops15_Iter_comp_iterIPFbS6_S6_EEEEvT_SH_SH_T0_
FNDA:0,_ZSt13__heap_selectIN9__gnu_cxx17__normal_iteratorIPPKN7doctest6detail8TestCaseESt6vectorIS6_SaIS6_EEEENS0_5__ops15_Iter_comp_iterIPFbS6_S6_EEEEvT_SH_SH_T0_
FN:1820,_ZSt25__unguarded_linear_insertIN9__gnu_cxx17__normal_iteratorIPPKN7doctest6detail8TestCaseESt6vectorIS6_SaIS6_EEEENS0_5__ops14_Val_comp_iterIPFbS6_S6_EEEEvT_T0_
FNDA:0,_ZSt25__unguarded_linear_insertIN9__gnu_cxx17__normal_iteratorIPPKN7doctest6detail8TestCaseESt6vectorIS6_SaIS6_EEEENS0_5__ops14_Val_comp_iterIPFbS6_S6_EEEEvT_T0_
FN:1839,_ZSt16__insertion_sortIN9__gnu_cxx17__normal_iteratorIPPKN7doctest6detail8TestCaseESt6vectorIS6_SaIS6_EEEENS0_5__ops15_Iter_comp_iterIPFbS6_S6_EEEEvT_SH_T0_
FNDA:1,_ZSt16__insertion_sortIN9__gnu_cxx17__normal_iteratorIPPKN7doctest6detail8TestCaseESt6vectorIS6_SaIS6_EEEENS0_5__ops15_Iter_comp_iterIPFbS6_S6_EEEEvT_SH_T0_
FN:1862,_ZSt26__unguarded_insertion_sortIN9__gnu_cxx17__normal_iteratorIPPKN7doctest6detail8TestCaseESt6vectorIS6_SaIS6_EEEENS0_5__ops15_Iter_comp_iterIPFbS6_S6_EEEEvT_SH_T0_
FNDA:0,_ZSt26__unguarded_insertion_sortIN9__gnu_cxx17__normal_iteratorIPPKN7doctest6detail8TestCaseESt6vectorIS6_SaIS6_EEEENS0_5__ops15_Iter_comp_iterIPFbS6_S6_EEEEvT_SH_T0_
FN:1879,_ZSt22__final_insertion_sortIN9__gnu_cxx17__normal_iteratorIPPKN7doctest6detail8TestCaseESt6vectorIS6_SaIS6_EEEENS0_5__ops15_Iter_comp_iterIPFbS6_S6_EEEEvT_SH_T0_
FNDA:1,_ZSt22__final_insertion_sortIN9__gnu_cxx17__normal_iteratorIPPKN7doctest6detail8TestCaseESt6vectorIS6_SaIS6_EEEENS0_5__ops15_Iter_comp_iterIPFbS6_S6_EEEEvT_SH_T0_
FN:1895,_ZSt21__unguarded_partitionIN9__gnu_cxx17__normal_iteratorIPPKN7doctest6detail8TestCaseESt6vectorIS6_SaIS6_EEEENS0_5__ops15_Iter_comp_iterIPFbS6_S6_EEEET_SH_SH_SH_T0_
FNDA:0,_ZSt21__unguarded_partitionIN9__gnu_cxx17__normal_iteratorIPPKN7doctest6detail8TestCaseESt6vectorIS6_SaIS6_EEEENS0_5__ops15_Iter_comp_iterIPFbS6_S6_EEEET_SH_SH_SH_T0_
FN:1916,_ZSt27__unguarded_partition_pivotIN9__gnu_cxx17__normal_iteratorIPPKN7doctest6detail8TestCaseESt6vectorIS6_SaIS6_EEEENS0_5__ops15_Iter_comp_iterIPFbS6_S6_EEEET_SH_SH_T0_
FNDA:0,_ZSt27__unguarded_partition_pivotIN9__gnu_cxx17__normal_iteratorIPPKN7doctest6detail8TestCaseESt6vectorIS6_SaIS6_EEEENS0_5__ops15_Iter_comp_iterIPFbS6_S6_EEEET_SH_SH_T0_
FN:1927,_ZSt14__partial_sortIN9__gnu_cxx17__normal_iteratorIPPKN7doctest6detail8TestCaseESt6vectorIS6_SaIS6_EEEENS0_5__ops15_Iter_comp_iterIPFbS6_S6_EEEEvT_SH_SH_T0_
FNDA:0,_ZSt14__partial_sortIN9__gnu_cxx17__normal_iteratorIPPKN7doctest6detail8TestCaseESt6vectorIS6_SaIS6_EEEENS0_5__ops15_Iter_comp_iterIPFbS6_S6_EEEEvT_SH_SH_T0_
FN:1939,_ZSt16__introsort_loopIN9__gnu_cxx17__normal_iteratorIPPKN7doctest6detail8TestCaseESt6vectorIS6_SaIS6_EEEElNS0_5__ops15_Iter_comp_iterIPFbS6_S6_EEEEvT_SH_T0_T1_
FNDA:1,_ZSt16__introsort_loopIN9__gnu_cxx17__normal_iteratorIPPKN7doctest6detail8TestCaseESt6vectorIS6_SaIS6_EEEElNS0_5__ops15_Iter_comp_iterIPFbS6_S6_EEEEvT_SH_T0_T1_
FN:1962,_ZSt6__sortIN9__gnu_cxx17__normal_iteratorIPPKN7doctest6detail8TestCaseESt6vectorIS6_SaIS6_EEEENS0_5__ops15_Iter_comp_iterIPFbS6_S6_EEEEvT_SH_T0_
FNDA:1,_ZSt6__sortIN9__gnu_cxx17__normal_iteratorIPPKN7doctest6detail8TestCaseESt6vectorIS6_SaIS6_EEEENS0_5__ops15_Iter_comp_iterIPFbS6_S6_EEEEvT_SH_T0_
FN:3930,_ZSt4findIN9__gnu_cxx17__normal_iteratorIPPKN7doctest6detail20IExceptionTranslatorESt6vectorIS6_SaIS6_EEEES6_ET_SC_SC_RKT0_
FNDA:0,_ZSt4findIN9__gnu_cxx17__normal_iteratorIPPKN7doctest6detail20IExceptionTranslatorESt6vectorIS6_SaIS6_EEEES6_ET_SC_SC_RKT0_
FN:4887,_ZSt4sortIN9__gnu_cxx17__normal_iteratorIPPKN7doctest6detail8TestCaseESt6vectorIS6_SaIS6_EEEEPFbS6_S6_EEvT_SE_T0_
FNDA:1,_ZSt4sortIN9__gnu_cxx17__normal_iteratorIPPKN7doctest6detail8TestCaseESt6vectorIS6_SaIS6_EEEEPFbS6_S6_EEvT_SE_T0_
DA:78,0
DA:81,0
DA:83,0
DA:84,0
DA:85,0
DA:86,0
DA:88,0
DA:90,0
DA:91,0
DA:92,0
DA:93,0
DA:95,0
DA:96,0
DA:112,0
DA:116,0
DA:118,0
DA:120,0
DA:121,0
DA:122,0
DA:124,0
DA:125,0
DA:126,0
DA:128,0
DA:129,0
DA:130,0
DA:132,0
DA:133,0
DA:134,0
DA:137,0
DA:139,0
DA:140,0
DA:141,0
DA:142,0
DA:143,0
DA:144,0
DA:145,0
DA:146,0
DA:147,0
DA:148,0
DA:149,0
DA:150,0
DA:151,0
DA:153,0
DA:159,0
DA:161,0
DA:162,0
DA:1667,0
DA:1671,0
DA:1672,0
DA:1673,0
DA:1674,0
DA:1675,0
DA:1820,0
DA:1824,0
DA:1825,0
DA:1826,0
DA:1827,0
DA:1829,0
DA:1830,0
DA:1831,0
DA:1833,0
DA:1834,0
DA:1839,1
DA:1842,1
DA:1844,1
DA:1846,0
DA:1849,0
DA:1850,0
DA:1851,0
DA:1854,0
DA:1862,0
DA:1865,0
DA:1866,0
DA:1868,0
DA:1879,1
DA:1882,1
DA:1884,0
DA:1885,0
DA:1889,1
DA:1890,1
DA:1895,0
DA:1901,0
DA:1902,0
DA:1903,0
DA:1904,0
DA:1905,0
DA:1906,0
DA:1907,0
DA:1908,0
DA:1909,0
DA:1916,0
DA:1919,0
DA:1920,0
DA:1922,0
DA:1927,0
DA:1932,0
DA:1933,0
DA:1934,0
DA:1939,1
DA:1943,1
DA:1945,0
DA:1947,0
DA:1948,0
DA:1950,0
DA:1952,0
DA:1953,0
DA:1954,0
DA:1962,1
DA:1965,1
DA:1967,1
DA:1968,1
DA:1970,1
DA:1972,1
DA:3930,0
DA:3938,0
DA:3939,0
DA:4887,1
DA:4899,1
DA:4900,1
end_of_record
SF:/usr/include/c++/9/bits/move.h
FN:47,_ZSt11__addressofISt6vectorIN7doctest6StringESaIS2_EEEPT_RS5_
FNDA:18,_ZSt11__addressofISt6vectorIN7doctest6StringESaIS2_EEEPT_RS5_
FN:47,_ZSt11__addressofIN7doctest16SubcaseSignatureEEPT_RS2_
FNDA:0,_ZSt11__addressofIN7doctest16SubcaseSignatureEEPT_RS2_
FN:47,_ZSt11__addressofIN7doctest12_GLOBAL__N_113JUnitReporter17JUnitTestCaseData13JUnitTestCaseEEPT_RS5_
FNDA:0,_ZSt11__addressofIN7doctest12_GLOBAL__N_113JUnitReporter17JUnitTestCaseData13JUnitTestCaseEEPT_RS5_
FN:47,_ZSt11__addressofIN7doctest6StringEEPT_RS2_
FNDA:1,_ZSt11__addressofIN7doctest6StringEEPT_RS2_
FN:47,_ZSt11__addressofIN7doctest12_GLOBAL__N_113JUnitReporter17JUnitTestCaseData16JUnitTestMessageEEPT_RS5_
FNDA:0,_ZSt11__addressofIN7doctest12_GLOBAL__N_113JUnitReporter17JUnitTestCaseData16JUnitTestMessageEEPT_RS5_
FN:47,_ZSt11__addressofINSt7__cxx1112basic_stringIcSt11char_traitsIcESaIcEEEEPT_RS6_
FNDA:0,_ZSt11__addressofINSt7__cxx1112basic_stringIcSt11char_traitsIcESaIcEEEEPT_RS6_
FN:74,_ZSt7forwardIPKN7doctest12TestCaseDataEEOT_RNSt16remove_referenceIS4_E4typeE
FNDA:0,_ZSt7forwardIPKN7doctest12TestCaseDataEEOT_RNSt16remove_referenceIS4_E4typeE
FN:74,_ZSt7forwardISt17_Rb_tree_iteratorISt6vectorIN7doctest16SubcaseSignatureESaIS3_EEEEOT_RNSt16remove_referenceIS7_E4typeE
FNDA:0,_ZSt7forwardISt17_Rb_tree_iteratorISt6vectorIN7doctest16SubcaseSignatureESaIS3_EEEEOT_RNSt16remove_referenceIS7_E4typeE
FN:74,_ZSt7forwardIRKNSt7__cxx1112basic_stringIcSt11char_traitsIcESaIcEEEEOT_RNSt16remove_referenceIS8_E4typeE
FNDA:0,_ZSt7forwardIRKNSt7__cxx1112basic_stringIcSt11char_traitsIcESaIcEEEEOT_RNSt16remove_referenceIS8_E4typeE
FN:74,_ZSt7forwardIPKN7doctest6detail8TestCaseEEOT_RNSt16remove_referenceIS5_E4typeE
FNDA:4,_ZSt7forwardIPKN7doctest6detail8TestCaseEEOT_RNSt16remove_referenceIS5_E4typeE
FN:74,_ZSt7forwardIPN7doctest9IReporterEEOT_RNSt16remove_referenceIS3_E4typeE
FNDA:4,_ZSt7forwardIPN7doctest9IReporterEEOT_RNSt16remove_referenceIS3_E4typeE
FN:74,_ZSt7forwardIRKN7doctest6StringEEOT_RNSt16remove_referenceIS4_E4typeE
FNDA:0,_ZSt7forwardIRKN7doctest6StringEEOT_RNSt16remove_referenceIS4_E4typeE
FN:74,_ZSt7forwardIN7doctest6StringEEOT_RNSt16remove_referenceIS2_E4typeE
FNDA:4,_ZSt7forwardIN7doctest6StringEEOT_RNSt16remove_referenceIS2_E4typeE
FN:74,_ZSt7forwardIPN7doctest13IContextScopeEEOT_RNSt16remove_referenceIS3_E4typeE
FNDA:0,_ZSt7forwardIPN7doctest13IContextScopeEEOT_RNSt16remove_referenceIS3_E4typeE
FN:74,_ZSt7forwardIRKPKN7doctest6detail20IExceptionTranslatorEEOT_RNSt16remove_referenceIS7_E4typeE
FNDA:0,_ZSt7forwardIRKPKN7doctest6detail20IExceptionTranslatorEEOT_RNSt16remove_referenceIS7_E4typeE
FN:74,_ZSt7forwardIRSt17_Rb_tree_iteratorIN7doctest6detail8TestCaseEEEOT_RNSt16remove_referenceIS6_E4typeE
FNDA:1,_ZSt7forwardIRSt17_Rb_tree_iteratorIN7doctest6detail8TestCaseEEEOT_RNSt16remove_referenceIS6_E4typeE
FN:74,_ZSt7forwardIRKN7doctest6detail8TestCaseEEOT_RNSt16remove_referenceIS5_E4typeE
FNDA:7,_ZSt7forwardIRKN7doctest6detail8TestCaseEEOT_RNSt16remove_referenceIS5_E4typeE
FN:74,_ZSt7forwardIRbEOT_RNSt16remove_referenceIS1_E4typeE
FNDA:1,_ZSt7forwardIRbEOT_RNSt16remove_referenceIS1_E4typeE
FN:74,_ZSt7forwardIRSt17_Rb_tree_iteratorISt6vectorIN7doctest16SubcaseSignatureESaIS3_EEEEOT_RNSt16remove_referenceIS8_E4typeE
FNDA:0,_ZSt7forwardIRSt17_Rb_tree_iteratorISt6vectorIN7doctest16SubcaseSignatureESaIS3_EEEEOT_RNSt16remove_referenceIS8_E4typeE
FN:74,_ZSt7forwardIRKSt6vectorIN7doctest16SubcaseSignatureESaIS2_EEEOT_RNSt16remove_referenceIS7_E4typeE
FNDA:0,_ZSt7forwardIRKSt6vectorIN7doctest16SubcaseSignatureESaIS2_EEEOT_RNSt16remove_referenceIS7_E4typeE
FN:74,_ZSt7forwardIRKN7doctest16SubcaseSignatureEEOT_RNSt16remove_referenceIS4_E4typeE
FNDA:0,_ZSt7forwardIRKN7doctest16SubcaseSignatureEEOT_RNSt16remove_referenceIS4_E4typeE
FN:74,_ZSt7forwardIRPFPN7doctest9IReporterERKNS0_14ContextOptionsEEEOT_RNSt16remove_referenceIS9_E4typeE
FNDA:3,_ZSt7forwardIRPFPN7doctest9IReporterERKNS0_14ContextOptionsEEEOT_RNSt16remove_referenceIS9_E4typeE
FN:74,_ZSt7forwardISt4pairIiN7doctest6StringEEEOT_RNSt16remove_referenceIS4_E4typeE
FNDA:3,_ZSt7forwardISt4pairIiN7doctest6StringEEEOT_RNSt16remove_referenceIS4_E4typeE
FN:74,_ZSt7forwardIRPKcEOT_RNSt16remove_referenceIS3_E4typeE
FNDA:3,_ZSt7forwardIRPKcEOT_RNSt16remove_referenceIS3_E4typeE
FN:74,_ZSt7forwardIRiEOT_RNSt16remove_referenceIS1_E4typeE
FNDA:3,_ZSt7forwardIRiEOT_RNSt16remove_referenceIS1_E4typeE
FN:74,_ZSt7forwardIRPSt13_Rb_tree_nodeISt4pairIKS1_IiN7doctest6StringEEPFPNS2_9IReporterERKNS2_14ContextOptionsEEEEEOT_RNSt16remove_referenceISH_E4typeE
FNDA:3,_ZSt7forwardIRPSt13_Rb_tree_nodeISt4pairIKS1_IiN7doctest6StringEEPFPNS2_9IReporterERKNS2_14ContextOptionsEEEEEOT_RNSt16remove_referenceISH_E4typeE
FN:74,_ZSt7forwardIN7doctest12_GLOBAL__N_113JUnitReporter17JUnitTestCaseData16JUnitTestMessageEEOT_RNSt16remove_referenceIS5_E4typeE
FNDA:0,_ZSt7forwardIN7doctest12_GLOBAL__N_113JUnitReporter17JUnitTestCaseData16JUnitTestMessageEEOT_RNSt16remove_referenceIS5_E4typeE
FN:74,_ZSt7forwardIN7doctest12_GLOBAL__N_113JUnitReporter17JUnitTestCaseData13JUnitTestCaseEEOT_RNSt16remove_referenceIS5_E4typeE
FNDA:0,_ZSt7forwardIN7doctest12_GLOBAL__N_113JUnitReporter17JUnitTestCaseData13JUnitTestCaseEEOT_RNSt16remove_referenceIS5_E4typeE
FN:74,_ZSt7forwardINSt7__cxx1112basic_stringIcSt11char_traitsIcESaIcEEEEOT_RNSt16remove_referenceIS6_E4typeE
FNDA:0,_ZSt7forwardINSt7__cxx1112basic_stringIcSt11char_traitsIcESaIcEEEEOT_RNSt16remove_referenceIS6_E4typeE
FN:74,_ZSt7forwardIbEOT_RNSt16remove_referenceIS0_E4typeE
FNDA:4,_ZSt7forwardIbEOT_RNSt16remove_referenceIS0_E4typeE
FN:74,_ZSt7forwardIRSt17_Rb_tree_iteratorIN7doctest6StringEEEOT_RNSt16remove_referenceIS5_E4typeE
FNDA:0,_ZSt7forwardIRSt17_Rb_tree_iteratorIN7doctest6StringEEEOT_RNSt16remove_referenceIS5_E4typeE
FN:74,_ZSt7forwardIRPSt13_Rb_tree_nodeIN7doctest6StringEEEOT_RNSt16remove_referenceIS6_E4typeE
FNDA:0,_ZSt7forwardIRPSt13_Rb_tree_nodeIN7doctest6StringEEEOT_RNSt16remove_referenceIS6_E4typeE
FN:74,_ZSt7forwardIRPSt13_Rb_tree_nodeIN7doctest6detail8TestCaseEEEOT_RNSt16remove_referenceIS7_E4typeE
FNDA:1,_ZSt7forwardIRPSt13_Rb_tree_nodeIN7doctest6detail8TestCaseEEEOT_RNSt16remove_referenceIS7_E4typeE
FN:74,_ZSt7forwardIRPSt18_Rb_tree_node_baseEOT_RNSt16remove_referenceIS3_E4typeE
FNDA:4,_ZSt7forwardIRPSt18_Rb_tree_node_baseEOT_RNSt16remove_referenceIS3_E4typeE
FN:74,_ZSt7forwardIRPSt13_Rb_tree_nodeISt6vectorIN7doctest16SubcaseSignatureESaIS3_EEEEOT_RNSt16remove_referenceIS9_E4typeE
FNDA:0,_ZSt7forwardIRPSt13_Rb_tree_nodeISt6vectorIN7doctest16SubcaseSignatureESaIS3_EEEEOT_RNSt16remove_referenceIS9_E4typeE
FN:74,_ZSt7forwardISt17_Rb_tree_iteratorISt4pairIKS1_IiN7doctest6StringEEPFPNS2_9IReporterERKNS2_14ContextOptionsEEEEEOT_RNSt16remove_referenceISF_E4typeE
FNDA:3,_ZSt7forwardISt17_Rb_tree_iteratorISt4pairIKS1_IiN7doctest6StringEEPFPNS2_9IReporterERKNS2_14ContextOptionsEEEEEOT_RNSt16remove_referenceISF_E4typeE
FN:74,_ZSt7forwardISt17_Rb_tree_iteratorIN7doctest6StringEEEOT_RNSt16remove_referenceIS4_E4typeE
FNDA:0,_ZSt7forwardISt17_Rb_tree_iteratorIN7doctest6StringEEEOT_RNSt16remove_referenceIS4_E4typeE
FN:74,_ZSt7forwardISt17_Rb_tree_iteratorIN7doctest6detail8TestCaseEEEOT_RNSt16remove_referenceIS5_E4typeE
FNDA:1,_ZSt7forwardISt17_Rb_tree_iteratorIN7doctest6detail8TestCaseEEEOT_RNSt16remove_referenceIS5_E4typeE
FN:74,_ZSt7forwardISt4pairIKS0_IiN7doctest6StringEEPFPNS1_9IReporterERKNS1_14ContextOptionsEEEEOT_RNSt16remove_referenceISD_E4typeE
FNDA:21,_ZSt7forwardISt4pairIKS0_IiN7doctest6StringEEPFPNS1_9IReporterERKNS1_14ContextOptionsEEEEOT_RNSt16remove_referenceISD_E4typeE
FN:99,_ZSt4moveIRN7doctest6StringEEONSt16remove_referenceIT_E4typeEOS4_
FNDA:1,_ZSt4moveIRN7doctest6StringEEONSt16remove_referenceIT_E4typeEOS4_
FN:99,_ZSt4moveIRPN7doctest13IContextScopeEEONSt16remove_referenceIT_E4typeEOS5_
FNDA:0,_ZSt4moveIRPN7doctest13IContextScopeEEONSt16remove_referenceIT_E4typeEOS5_
FN:99,_ZSt4moveIRPN7doctest9IReporterEEONSt16remove_referenceIT_E4typeEOS5_
FNDA:1,_ZSt4moveIRPN7doctest9IReporterEEONSt16remove_referenceIT_E4typeEOS5_
FN:99,_ZSt4moveIRPKN7doctest6detail8TestCaseEEONSt16remove_referenceIT_E4typeEOS7_
FNDA:1,_ZSt4moveIRPKN7doctest6detail8TestCaseEEONSt16remove_referenceIT_E4typeEOS7_
FN:99,_ZSt4moveIRNSt12_Vector_baseIN7doctest12_GLOBAL__N_113JUnitReporter17JUnitTestCaseData16JUnitTestMessageESaIS5_EE12_Vector_implEEONSt16remove_referenceIT_E4typeEOSB_
FNDA:0,_ZSt4moveIRNSt12_Vector_baseIN7doctest12_GLOBAL__N_113JUnitReporter17JUnitTestCaseData16JUnitTestMessageESaIS5_EE12_Vector_implEEONSt16remove_referenceIT_E4typeEOSB_
FN:99,_ZSt4moveIRNSt7__cxx1112basic_stringIcSt11char_traitsIcESaIcEEEEONSt16remove_referenceIT_E4typeEOS8_
FNDA:0,_ZSt4moveIRNSt7__cxx1112basic_stringIcSt11char_traitsIcESaIcEEEEONSt16remove_referenceIT_E4typeEOS8_
FN:99,_ZSt4moveIRPKN7doctest12TestCaseDataEEONSt16remove_referenceIT_E4typeEOS6_
FNDA:0,_ZSt4moveIRPKN7doctest12TestCaseDataEEONSt16remove_referenceIT_E4typeEOS6_
FN:99,_ZSt4moveIRSt4pairIKS0_IiN7doctest6StringEEPFPNS1_9IReporterERKNS1_14ContextOptionsEEEEONSt16remove_referenceIT_E4typeEOSF_
FNDA:3,_ZSt4moveIRSt4pairIKS0_IiN7doctest6StringEEPFPNS1_9IReporterERKNS1_14ContextOptionsEEEEONSt16remove_referenceIT_E4typeEOSF_
FN:99,_ZSt4moveIRSaIcEEONSt16remove_referenceIT_E4typeEOS3_
FNDA:0,_ZSt4moveIRSaIcEEONSt16remove_referenceIT_E4typeEOS3_
FN:99,_ZSt4moveIRPFbPKN7doctest6detail8TestCaseES4_EEONSt16remove_referenceIT_E4typeEOS9_
FNDA:2,_ZSt4moveIRPFbPKN7doctest6detail8TestCaseES4_EEONSt16remove_referenceIT_E4typeEOS9_
FN:99,_ZSt4moveIRN9__gnu_cxx5__ops15_Iter_comp_iterIPFbPKN7doctest6detail8TestCaseES7_EEEEONSt16remove_referenceIT_E4typeEOSD_
FNDA:0,_ZSt4moveIRN9__gnu_cxx5__ops15_Iter_comp_iterIPFbPKN7doctest6detail8TestCaseES7_EEEEONSt16remove_referenceIT_E4typeEOSD_
FN:99,_ZSt4moveIRN7doctest12_GLOBAL__N_113JUnitReporter17JUnitTestCaseData13JUnitTestCaseEEONSt16remove_referenceIT_E4typeEOS7_
FNDA:0,_ZSt4moveIRN7doctest12_GLOBAL__N_113JUnitReporter17JUnitTestCaseData13JUnitTestCaseEEONSt16remove_referenceIT_E4typeEOS7_
FN:99,_ZSt4moveIRN7doctest12_GLOBAL__N_113JUnitReporter17JUnitTestCaseData16JUnitTestMessageEEONSt16remove_referenceIT_E4typeEOS7_
FNDA:0,_ZSt4moveIRN7doctest12_GLOBAL__N_113JUnitReporter17JUnitTestCaseData16JUnitTestMessageEEONSt16remove_referenceIT_E4typeEOS7_
FN:182,_ZSt4swapIPKN7doctest6detail8TestCaseEENSt9enable_ifIXsrSt6__and_IJSt6__not_ISt15__is_tuple_likeIT_EESt21is_move_constructibleIS9_ESt18is_move_assignableIS9_EEE5valueEvE4typeERS9_SJ_
FNDA:0,_ZSt4swapIPKN7doctest6detail8TestCaseEENSt9enable_ifIXsrSt6__and_IJSt6__not_ISt15__is_tuple_likeIT_EESt21is_move_constructibleIS9_ESt18is_move_assignableIS9_EEE5valueEvE4typeERS9_SJ_
DA:47,0
DA:48,0
DA:47,0
DA:48,0
DA:47,1
DA:48,1
DA:47,0
DA:48,0
DA:47,0
DA:48,0
DA:47,18
DA:48,18
DA:74,0
DA:75,0
DA:74,0
DA:75,0
DA:74,4
DA:75,4
DA:74,0
DA:75,0
DA:74,0
DA:75,0
DA:74,1
DA:75,1
DA:74,7
DA:75,7
DA:74,1
DA:75,1
DA:74,0
DA:75,0
DA:74,4
DA:75,4
DA:74,0
DA:75,0
DA:74,3
DA:75,3
DA:74,3
DA:75,3
DA:74,3
DA:75,3
DA:74,3
DA:75,3
DA:74,0
DA:75,0
DA:74,4
DA:75,4
DA:74,0
DA:75,0
DA:74,4
DA:75,4
DA:74,0
DA:75,0
DA:74,0
DA:75,0
DA:74,21
DA:75,21
DA:74,0
DA:75,0
DA:74,1
DA:75,1
DA:74,0
DA:75,0
DA:74,3
DA:75,3
DA:74,0
DA:75,0
DA:74,4
DA:75,4
DA:74,1
DA:75,1
DA:74,0
DA:75,0
DA:74,3
DA:75,3
DA:74,0
DA:75,0
DA:74,0
DA:75,0
DA:99,0
DA:100,0
DA:99,0
DA:100,0
DA:99,0
DA:100,0
DA:99,0
DA:100,0
DA:99,2
DA:100,2
DA:99,0
DA:100,0
DA:99,3
DA:100,3
DA:99,0
DA:100,0
DA:99,1
DA:100,1
DA:99,1
DA:100,1
DA:99,1
DA:100,1
DA:99,0
DA:100,0
DA:99,0
DA:100,0
DA:182,0
DA:193,0
DA:194,0
DA:195,0
DA:196,0
end_of_record
SF:/usr/include/c++/9/bits/vector.tcc
FN:109,_ZNSt6vectorIN7doctest12_GLOBAL__N_113JUnitReporter17JUnitTestCaseData13JUnitTestCaseESaIS4_EE12emplace_backIJRKNSt7__cxx1112basic_stringIcSt11char_traitsIcESaIcEEESF_EEERS4_DpOT_
FNDA:0,_ZNSt6vectorIN7doctest12_GLOBAL__N_113JUnitReporter17JUnitTestCaseData13JUnitTestCaseESaIS4_EE12emplace_backIJRKNSt7__cxx1112basic_stringIcSt11char_traitsIcESaIcEEESF_EEERS4_DpOT_
FN:109,_ZNSt6vectorIN7doctest12_GLOBAL__N_113JUnitReporter17JUnitTestCaseData16JUnitTestMessageESaIS4_EE12emplace_backIJRKNSt7__cxx1112basic_stringIcSt11char_traitsIcESaIcEEESF_SF_EEERS4_DpOT_
FNDA:0,_ZNSt6vectorIN7doctest12_GLOBAL__N_113JUnitReporter17JUnitTestCaseData16JUnitTestMessageESaIS4_EE12emplace_backIJRKNSt7__cxx1112basic_stringIcSt11char_traitsIcESaIcEEESF_SF_EEERS4_DpOT_
FN:109,_ZNSt6vectorIN7doctest12_GLOBAL__N_113JUnitReporter17JUnitTestCaseData16JUnitTestMessageESaIS4_EE12emplace_backIJRKNSt7__cxx1112basic_stringIcSt11char_traitsIcESaIcEEESF_EEERS4_DpOT_
FNDA:0,_ZNSt6vectorIN7doctest12_GLOBAL__N_113JUnitReporter17JUnitTestCaseData16JUnitTestMessageESaIS4_EE12emplace_backIJRKNSt7__cxx1112basic_stringIcSt11char_traitsIcESaIcEEESF_EEERS4_DpOT_
FN:109,_ZNSt6vectorIPKN7doctest12TestCaseDataESaIS3_EE12emplace_backIJS3_EEERS3_DpOT_
FNDA:0,_ZNSt6vectorIPKN7doctest12TestCaseDataESaIS3_EE12emplace_backIJS3_EEERS3_DpOT_
FN:109,_ZNSt6vectorIPKN7doctest6detail8TestCaseESaIS4_EE12emplace_backIJS4_EEERS4_DpOT_
FNDA:1,_ZNSt6vectorIPKN7doctest6detail8TestCaseESaIS4_EE12emplace_backIJS4_EEERS4_DpOT_
FN:109,_ZNSt6vectorIPN7doctest9IReporterESaIS2_EE12emplace_backIJS2_EEERS2_DpOT_
FNDA:1,_ZNSt6vectorIPN7doctest9IReporterESaIS2_EE12emplace_backIJS2_EEERS2_DpOT_
FN:109,_ZNSt6vectorIPN7doctest13IContextScopeESaIS2_EE12emplace_backIJS2_EEERS2_DpOT_
FNDA:0,_ZNSt6vectorIPN7doctest13IContextScopeESaIS2_EE12emplace_backIJS2_EEERS2_DpOT_
FN:109,_ZNSt6vectorIN7doctest6StringESaIS1_EE12emplace_backIJS1_EEERS1_DpOT_
FNDA:1,_ZNSt6vectorIN7doctest6StringESaIS1_EE12emplace_backIJS1_EEERS1_DpOT_
FN:340,_ZNSt6vectorIPN7doctest9IReporterESaIS2_EE14_M_insert_rvalEN9__gnu_cxx17__normal_iteratorIPKS2_S4_EEOS2_
FNDA:0,_ZNSt6vectorIPN7doctest9IReporterESaIS2_EE14_M_insert_rvalEN9__gnu_cxx17__normal_iteratorIPKS2_S4_EEOS2_
FN:395,_ZNSt6vectorIPN7doctest9IReporterESaIS2_EE13_M_insert_auxIS2_EEvN9__gnu_cxx17__normal_iteratorIPS2_S4_EEOT_
FNDA:0,_ZNSt6vectorIPN7doctest9IReporterESaIS2_EE13_M_insert_auxIS2_EEvN9__gnu_cxx17__normal_iteratorIPS2_S4_EEOT_
FN:426,_ZNSt6vectorIN7doctest12_GLOBAL__N_113JUnitReporter17JUnitTestCaseData16JUnitTestMessageESaIS4_EE17_M_realloc_insertIJRKNSt7__cxx1112basic_stringIcSt11char_traitsIcESaIcEEESF_EEEvN9__gnu_cxx17__normal_iteratorIPS4_S6_EEDpOT_
FNDA:0,_ZNSt6vectorIN7doctest12_GLOBAL__N_113JUnitReporter17JUnitTestCaseData16JUnitTestMessageESaIS4_EE17_M_realloc_insertIJRKNSt7__cxx1112basic_stringIcSt11char_traitsIcESaIcEEESF_EEEvN9__gnu_cxx17__normal_iteratorIPS4_S6_EEDpOT_
FN:426,_ZNSt6vectorIN7doctest16SubcaseSignatureESaIS1_EE17_M_realloc_insertIJRKS1_EEEvN9__gnu_cxx17__normal_iteratorIPS1_S3_EEDpOT_
FNDA:0,_ZNSt6vectorIN7doctest16SubcaseSignatureESaIS1_EE17_M_realloc_insertIJRKS1_EEEvN9__gnu_cxx17__normal_iteratorIPS1_S3_EEDpOT_
FN:426,_ZNSt6vectorIPKN7doctest6detail20IExceptionTranslatorESaIS4_EE17_M_realloc_insertIJRKS4_EEEvN9__gnu_cxx17__normal_iteratorIPS4_S6_EEDpOT_
FNDA:0,_ZNSt6vectorIPKN7doctest6detail20IExceptionTranslatorESaIS4_EE17_M_realloc_insertIJRKS4_EEEvN9__gnu_cxx17__normal_iteratorIPS4_S6_EEDpOT_
FN:426,_ZNSt6vectorINSt7__cxx1112basic_stringIcSt11char_traitsIcESaIcEEESaIS5_EE17_M_realloc_insertIJRKS5_EEEvN9__gnu_cxx17__normal_iteratorIPS5_S7_EEDpOT_
FNDA:0,_ZNSt6vectorINSt7__cxx1112basic_stringIcSt11char_traitsIcESaIcEEESaIS5_EE17_M_realloc_insertIJRKS5_EEEvN9__gnu_cxx17__normal_iteratorIPS5_S7_EEDpOT_
FN:426,_ZNSt6vectorIN7doctest12_GLOBAL__N_113JUnitReporter17JUnitTestCaseData13JUnitTestCaseESaIS4_EE17_M_realloc_insertIJRKNSt7__cxx1112basic_stringIcSt11char_traitsIcESaIcEEESF_EEEvN9__gnu_cxx17__normal_iteratorIPS4_S6_EEDpOT_
FNDA:0,_ZNSt6vectorIN7doctest12_GLOBAL__N_113JUnitReporter17JUnitTestCaseData13JUnitTestCaseESaIS4_EE17_M_realloc_insertIJRKNSt7__cxx1112basic_stringIcSt11char_traitsIcESaIcEEESF_EEEvN9__gnu_cxx17__normal_iteratorIPS4_S6_EEDpOT_
FN:426,_ZNSt6vectorIN7doctest12_GLOBAL__N_113JUnitReporter17JUnitTestCaseData16JUnitTestMessageESaIS4_EE17_M_realloc_insertIJRKNSt7__cxx1112basic_stringIcSt11char_traitsIcESaIcEEESF_SF_EEEvN9__gnu_cxx17__normal_iteratorIPS4_S6_EEDpOT_
FNDA:0,_ZNSt6vectorIN7doctest12_GLOBAL__N_113JUnitReporter17JUnitTestCaseData16JUnitTestMessageESaIS4_EE17_M_realloc_insertIJRKNSt7__cxx1112basic_stringIcSt11char_traitsIcESaIcEEESF_SF_EEEvN9__gnu_cxx17__normal_iteratorIPS4_S6_EEDpOT_
FN:426,_ZNSt6vectorIPKN7doctest12TestCaseDataESaIS3_EE17_M_realloc_insertIJS3_EEEvN9__gnu_cxx17__normal_iteratorIPS3_S5_EEDpOT_
FNDA:0,_ZNSt6vectorIPKN7doctest12TestCaseDataESaIS3_EE17_M_realloc_insertIJS3_EEEvN9__gnu_cxx17__normal_iteratorIPS3_S5_EEDpOT_
FN:426,_ZNSt6vectorIN7doctest6StringESaIS1_EE17_M_realloc_insertIJRKS1_EEEvN9__gnu_cxx17__normal_iteratorIPS1_S3_EEDpOT_
FNDA:0,_ZNSt6vectorIN7doctest6StringESaIS1_EE17_M_realloc_insertIJRKS1_EEEvN9__gnu_cxx17__normal_iteratorIPS1_S3_EEDpOT_
FN:426,_ZNSt6vectorIPN7doctest13IContextScopeESaIS2_EE17_M_realloc_insertIJS2_EEEvN9__gnu_cxx17__normal_iteratorIPS2_S4_EEDpOT_
FNDA:0,_ZNSt6vectorIPN7doctest13IContextScopeESaIS2_EE17_M_realloc_insertIJS2_EEEvN9__gnu_cxx17__normal_iteratorIPS2_S4_EEDpOT_
FN:426,_ZNSt6vectorIN7doctest6StringESaIS1_EE17_M_realloc_insertIJS1_EEEvN9__gnu_cxx17__normal_iteratorIPS1_S3_EEDpOT_
FNDA:1,_ZNSt6vectorIN7doctest6StringESaIS1_EE17_M_realloc_insertIJS1_EEEvN9__gnu_cxx17__normal_iteratorIPS1_S3_EEDpOT_
FN:426,_ZNSt6vectorIPN7doctest9IReporterESaIS2_EE17_M_realloc_insertIJS2_EEEvN9__gnu_cxx17__normal_iteratorIPS2_S4_EEDpOT_
FNDA:1,_ZNSt6vectorIPN7doctest9IReporterESaIS2_EE17_M_realloc_insertIJS2_EEEvN9__gnu_cxx17__normal_iteratorIPS2_S4_EEDpOT_
FN:426,_ZNSt6vectorIPKN7doctest6detail8TestCaseESaIS4_EE17_M_realloc_insertIJS4_EEEvN9__gnu_cxx17__normal_iteratorIPS4_S6_EEDpOT_
FNDA:1,_ZNSt6vectorIPKN7doctest6detail8TestCaseESaIS4_EE17_M_realloc_insertIJS4_EEEvN9__gnu_cxx17__normal_iteratorIPS4_S6_EEDpOT_
DA:109,0
DA:112,0
DA:115,0
DA:117,0
DA:121,0
DA:123,0
DA:109,1
DA:112,1
DA:115,0
DA:117,0
DA:121,1
DA:123,1
DA:109,1
DA:112,1
DA:115,0
DA:117,0
DA:121,1
DA:123,1
DA:109,1
DA:112,1
DA:115,0
DA:117,0
DA:121,1
DA:123,1
DA:109,0
DA:112,0
DA:115,0
DA:117,0
DA:121,0
DA:123,0
DA:109,0
DA:112,0
DA:115,0
DA:117,0
DA:121,0
DA:123,0
DA:109,0
DA:112,0
DA:115,0
DA:117,0
DA:121,0
DA:123,0
DA:109,0
DA:112,0
DA:115,0
DA:117,0
DA:121,0
DA:123,0
DA:340,0
DA:343,0
DA:344,0
DA:345,0
DA:348,0
DA:349,0
DA:350,0
DA:354,0
DA:356,0
DA:358,0
DA:395,0
DA:405,0
DA:406,0
DA:407,0
DA:412,0
DA:418,0
DA:420,0
DA:426,0
DA:435,0
DA:437,0
DA:438,0
DA:439,0
DA:440,0
DA:441,0
DA:449,0
DA:450,0
DA:456,0
DA:461,0
DA:462,0
DA:464,0
DA:466,0
DA:467,0
DA:500,0
DA:501,0
DA:502,0
DA:503,0
DA:504,0
DA:505,0
DA:426,1
DA:435,1
DA:437,1
DA:438,1
DA:439,1
DA:440,1
DA:441,1
DA:449,1
DA:450,1
DA:456,1
DA:461,1
DA:462,1
DA:464,1
DA:466,1
DA:467,1
DA:500,1
DA:501,1
DA:502,1
DA:503,1
DA:504,1
DA:505,1
DA:426,1
DA:435,1
DA:437,1
DA:438,1
DA:439,1
DA:440,1
DA:441,1
DA:449,1
DA:450,1
DA:456,1
DA:461,1
DA:462,1
DA:464,1
DA:466,1
DA:467,1
DA:500,1
DA:501,1
DA:502,1
DA:503,1
DA:504,1
DA:505,1
DA:426,1
DA:435,1
DA:437,1
DA:438,1
DA:439,1
DA:440,1
DA:441,1
DA:449,1
DA:450,1
DA:456,1
DA:474,1
DA:475,1
DA:477,1
DA:481,1
DA:482,1
DA:485,0
DA:487,0
DA:488,0
DA:489,0
DA:491,0
DA:492,0
DA:493,0
DA:498,1
DA:500,1
DA:501,1
DA:502,1
DA:503,1
DA:504,1
DA:505,1
DA:426,0
DA:435,0
DA:437,0
DA:438,0
DA:439,0
DA:440,0
DA:441,0
DA:449,0
DA:450,0
DA:456,0
DA:461,0
DA:462,0
DA:464,0
DA:466,0
DA:467,0
DA:500,0
DA:501,0
DA:502,0
DA:503,0
DA:504,0
DA:505,0
DA:426,0
DA:435,0
DA:437,0
DA:438,0
DA:439,0
DA:440,0
DA:441,0
DA:449,0
DA:450,0
DA:456,0
DA:474,0
DA:475,0
DA:477,0
DA:481,0
DA:482,0
DA:485,0
DA:487,0
DA:488,0
DA:489,0
DA:491,0
DA:492,0
DA:493,0
DA:498,0
DA:500,0
DA:501,0
DA:502,0
DA:503,0
DA:504,0
DA:505,0
DA:426,0
DA:435,0
DA:437,0
DA:438,0
DA:439,0
DA:440,0
DA:441,0
DA:449,0
DA:450,0
DA:456,0
DA:461,0
DA:462,0
DA:464,0
DA:466,0
DA:467,0
DA:485,0
DA:487,0
DA:488,0
DA:489,0
DA:491,0
DA:492,0
DA:493,0
DA:500,0
DA:501,0
DA:502,0
DA:503,0
DA:504,0
DA:505,0
DA:426,0
DA:435,0
DA:437,0
DA:438,0
DA:439,0
DA:440,0
DA:441,0
DA:449,0
DA:450,0
DA:456,0
DA:461,0
DA:462,0
DA:464,0
DA:466,0
DA:467,0
DA:485,0
DA:487,0
DA:488,0
DA:489,0
DA:491,0
DA:492,0
DA:493,0
DA:500,0
DA:501,0
DA:502,0
DA:503,0
DA:504,0
DA:505,0
DA:426,0
DA:435,0
DA:437,0
DA:438,0
DA:439,0
DA:440,0
DA:441,0
DA:449,0
DA:450,0
DA:456,0
DA:461,0
DA:462,0
DA:464,0
DA:466,0
DA:467,0
DA:485,0
DA:487,0
DA:488,0
DA:489,0
DA:491,0
DA:492,0
DA:493,0
DA:500,0
DA:501,0
DA:502,0
DA:503,0
DA:504,0
DA:505,0
DA:426,0
DA:435,0
DA:437,0
DA:438,0
DA:439,0
DA:440,0
DA:441,0
DA:449,0
DA:450,0
DA:456,0
DA:461,0
DA:462,0
DA:464,0
DA:466,0
DA:467,0
DA:485,0
DA:487,0
DA:488,0
DA:489,0
DA:491,0
DA:492,0
DA:493,0
DA:500,0
DA:501,0
DA:502,0
DA:503,0
DA:504,0
DA:505,0
DA:426,0
DA:435,0
DA:437,0
DA:438,0
DA:439,0
DA:440,0
DA:441,0
DA:449,0
DA:450,0
DA:456,0
DA:461,0
DA:462,0
DA:464,0
DA:466,0
DA:467,0
DA:500,0
DA:501,0
DA:502,0
DA:503,0
DA:504,0
DA:505,0
DA:426,0
DA:435,0
DA:437,0
DA:438,0
DA:439,0
DA:440,0
DA:441,0
DA:449,0
DA:450,0
DA:456,0
DA:474,0
DA:475,0
DA:477,0
DA:481,0
DA:482,0
DA:485,0
DA:487,0
DA:488,0
DA:489,0
DA:491,0
DA:492,0
DA:493,0
DA:498,0
DA:500,0
DA:501,0
DA:502,0
DA:503,0
DA:504,0
DA:505,0
end_of_record
SF:/usr/include/c++/9/bits/allocator.h
FN:138,_ZNSaISt13_Rb_tree_nodeISt4pairIKS0_IiN7doctest6StringEEPFPNS1_9IReporterERKNS1_14ContextOptionsEEEEEC2Ev
FNDA:2,_ZNSaISt13_Rb_tree_nodeISt4pairIKS0_IiN7doctest6StringEEPFPNS1_9IReporterERKNS1_14ContextOptionsEEEEEC2Ev
FN:138,_ZNSaISt6vectorIN7doctest6StringESaIS1_EEEC2Ev
FNDA:1,_ZNSaISt6vectorIN7doctest6StringESaIS1_EEEC2Ev
FN:138,_ZNSaISt13_Rb_tree_nodeIN7doctest6detail8TestCaseEEEC2Ev
FNDA:1,_ZNSaISt13_Rb_tree_nodeIN7doctest6detail8TestCaseEEEC2Ev
FN:138,_ZNSaIPKN7doctest6detail20IExceptionTranslatorEEC2Ev
FNDA:0,_ZNSaIPKN7doctest6detail20IExceptionTranslatorEEC2Ev
FN:138,_ZNSaIPN7doctest13IContextScopeEEC2Ev
FNDA:0,_ZNSaIPN7doctest13IContextScopeEEC2Ev
FN:138,_ZNSaINSt7__cxx1112basic_stringIcSt11char_traitsIcESaIcEEEEC2Ev
FNDA:0,_ZNSaINSt7__cxx1112basic_stringIcSt11char_traitsIcESaIcEEEEC2Ev
FN:138,_ZNSaIN7doctest12_GLOBAL__N_113JUnitReporter17JUnitTestCaseData16JUnitTestMessageEEC2Ev
FNDA:0,_ZNSaIN7doctest12_GLOBAL__N_113JUnitReporter17JUnitTestCaseData16JUnitTestMessageEEC2Ev
FN:138,_ZNSaIN7doctest6StringEEC2Ev
FNDA:10,_ZNSaIN7doctest6StringEEC2Ev
FN:138,_ZNSaIN7doctest12_GLOBAL__N_113JUnitReporter17JUnitTestCaseData13JUnitTestCaseEEC2Ev
FNDA:0,_ZNSaIN7doctest12_GLOBAL__N_113JUnitReporter17JUnitTestCaseData13JUnitTestCaseEEC2Ev
FN:138,_ZNSaIPN7doctest9IReporterEEC2Ev
FNDA:1,_ZNSaIPN7doctest9IReporterEEC2Ev
FN:138,_ZNSaISt13_Rb_tree_nodeISt6vectorIN7doctest16SubcaseSignatureESaIS2_EEEEC2Ev
FNDA:1,_ZNSaISt13_Rb_tree_nodeISt6vectorIN7doctest16SubcaseSignatureESaIS2_EEEEC2Ev
FN:138,_ZNSaIPKN7doctest6detail8TestCaseEEC2Ev
FNDA:1,_ZNSaIPKN7doctest6detail8TestCaseEEC2Ev
FN:138,_ZNSaISt13_Rb_tree_nodeIN7doctest6StringEEEC2Ev
FNDA:1,_ZNSaISt13_Rb_tree_nodeIN7doctest6StringEEEC2Ev
FN:138,_ZNSaIPKN7doctest12TestCaseDataEEC2Ev
FNDA:1,_ZNSaIPKN7doctest12TestCaseDataEEC2Ev
FN:138,_ZNSaIN7doctest16SubcaseSignatureEEC2Ev
FNDA:2,_ZNSaIN7doctest16SubcaseSignatureEEC2Ev
FN:141,_ZNSaIN7doctest12_GLOBAL__N_113JUnitReporter17JUnitTestCaseData16JUnitTestMessageEEC2ERKS4_
FNDA:0,_ZNSaIN7doctest12_GLOBAL__N_113JUnitReporter17JUnitTestCaseData16JUnitTestMessageEEC2ERKS4_
FN:141,_ZNSaIN7doctest16SubcaseSignatureEEC2ERKS1_
FNDA:0,_ZNSaIN7doctest16SubcaseSignatureEEC2ERKS1_
FN:141,_ZNSaISt6vectorIN7doctest6StringESaIS1_EEEC2ERKS4_
FNDA:2,_ZNSaISt6vectorIN7doctest6StringESaIS1_EEEC2ERKS4_
FN:141,_ZNSaIN7doctest6StringEEC2ERKS1_
FNDA:0,_ZNSaIN7doctest6StringEEC2ERKS1_
FN:153,_ZNSaIN7doctest6StringEED2Ev
FNDA:10,_ZNSaIN7doctest6StringEED2Ev
FN:153,_ZNSaISt6vectorIN7doctest6StringESaIS1_EEED2Ev
FNDA:3,_ZNSaISt6vectorIN7doctest6StringESaIS1_EEED2Ev
FN:153,_ZNSaISt13_Rb_tree_nodeISt4pairIKS0_IiN7doctest6StringEEPFPNS1_9IReporterERKNS1_14ContextOptionsEEEEED2Ev
FNDA:2,_ZNSaISt13_Rb_tree_nodeISt4pairIKS0_IiN7doctest6StringEEPFPNS1_9IReporterERKNS1_14ContextOptionsEEEEED2Ev
FN:153,_ZNSaISt13_Rb_tree_nodeIN7doctest6detail8TestCaseEEED2Ev
FNDA:1,_ZNSaISt13_Rb_tree_nodeIN7doctest6detail8TestCaseEEED2Ev
FN:153,_ZNSaIPKN7doctest6detail20IExceptionTranslatorEED2Ev
FNDA:0,_ZNSaIPKN7doctest6detail20IExceptionTranslatorEED2Ev
FN:153,_ZNSaIPN7doctest13IContextScopeEED2Ev
FNDA:0,_ZNSaIPN7doctest13IContextScopeEED2Ev
FN:153,_ZNSaINSt7__cxx1112basic_stringIcSt11char_traitsIcESaIcEEEED2Ev
FNDA:0,_ZNSaINSt7__cxx1112basic_stringIcSt11char_traitsIcESaIcEEEED2Ev
FN:153,_ZNSaIN7doctest12_GLOBAL__N_113JUnitReporter17JUnitTestCaseData16JUnitTestMessageEED2Ev
FNDA:0,_ZNSaIN7doctest12_GLOBAL__N_113JUnitReporter17JUnitTestCaseData16JUnitTestMessageEED2Ev
FN:153,_ZNSaIN7doctest12_GLOBAL__N_113JUnitReporter17JUnitTestCaseData13JUnitTestCaseEED2Ev
FNDA:0,_ZNSaIN7doctest12_GLOBAL__N_113JUnitReporter17JUnitTestCaseData13JUnitTestCaseEED2Ev
FN:153,_ZNSaIN7doctest16SubcaseSignatureEED2Ev
FNDA:2,_ZNSaIN7doctest16SubcaseSignatureEED2Ev
FN:153,_ZNSaIPN7doctest9IReporterEED2Ev
FNDA:1,_ZNSaIPN7doctest9IReporterEED2Ev
FN:153,_ZNSaISt13_Rb_tree_nodeISt6vectorIN7doctest16SubcaseSignatureESaIS2_EEEED2Ev
FNDA:1,_ZNSaISt13_Rb_tree_nodeISt6vectorIN7doctest16SubcaseSignatureESaIS2_EEEED2Ev
FN:153,_ZNSaIPKN7doctest6detail8TestCaseEED2Ev
FNDA:1,_ZNSaIPKN7doctest6detail8TestCaseEED2Ev
FN:153,_ZNSaISt13_Rb_tree_nodeIN7doctest6StringEEED2Ev
FNDA:1,_ZNSaISt13_Rb_tree_nodeIN7doctest6StringEEED2Ev
FN:153,_ZNSaIPKN7doctest12TestCaseDataEED2Ev
FNDA:1,_ZNSaIPKN7doctest12TestCaseDataEED2Ev
DA:138,1
DA:138,1
DA:138,1
DA:138,1
DA:138,1
DA:138,2
DA:138,0
DA:138,10
DA:138,0
DA:138,0
DA:138,0
DA:138,0
DA:138,1
DA:138,2
DA:138,1
DA:141,0
DA:142,0
DA:141,0
DA:142,0
DA:141,0
DA:142,0
DA:141,2
DA:142,2
DA:153,1
DA:153,1
DA:153,1
DA:153,1
DA:153,1
DA:153,2
DA:153,0
DA:153,10
DA:153,0
DA:153,0
DA:153,0
DA:153,0
DA:153,1
DA:153,2
DA:153,3
end_of_record
SF:/usr/include/c++/9/bits/cpp_type_traits.h
FN:428,_ZSt12__miter_baseIN9__gnu_cxx17__normal_iteratorIPPKN7doctest6detail8TestCaseESt6vectorIS6_SaIS6_EEEEET_SC_
FNDA:0,_ZSt12__miter_baseIN9__gnu_cxx17__normal_iteratorIPPKN7doctest6detail8TestCaseESt6vectorIS6_SaIS6_EEEEET_SC_
FN:428,_ZSt12__miter_baseIPPN7doctest9IReporterEET_S4_
FNDA:0,_ZSt12__miter_baseIPPN7doctest9IReporterEET_S4_
DA:428,0
DA:429,0
DA:428,0
DA:429,0
end_of_record
SF:/usr/include/c++/9/iomanip
FN:165,_ZSt7setfillIcESt8_SetfillIT_ES1_
FNDA:0,_ZSt7setfillIcESt8_SetfillIT_ES1_
FN:195,_ZSt12setprecisioni
FNDA:0,_ZSt12setprecisioni
FN:225,_ZSt4setwi
FNDA:6,_ZSt4setwi
DA:165,0
DA:166,0
DA:195,0
DA:196,0
DA:225,6
DA:226,6
end_of_record
SF:/usr/include/c++/9/bits/stl_map.h
FN:183,_ZNSt3mapISt4pairIiN7doctest6StringEEPFPNS1_9IReporterERKNS1_14ContextOptionsEESt4lessIS3_ESaIS0_IKS3_SA_EEEC2Ev
FNDA:2,_ZNSt3mapISt4pairIiN7doctest6StringEEPFPNS1_9IReporterERKNS1_14ContextOptionsEESt4lessIS3_ESaIS0_IKS3_SA_EEEC2Ev
FN:300,_ZNSt3mapISt4pairIiN7doctest6StringEEPFPNS1_9IReporterERKNS1_14ContextOptionsEESt4lessIS3_ESaIS0_IKS3_SA_EEED2Ev
FNDA:2,_ZNSt3mapISt4pairIiN7doctest6StringEEPFPNS1_9IReporterERKNS1_14ContextOptionsEESt4lessIS3_ESaIS0_IKS3_SA_EEED2Ev
FN:354,_ZNSt3mapISt4pairIiN7doctest6StringEEPFPNS1_9IReporterERKNS1_14ContextOptionsEESt4lessIS3_ESaIS0_IKS3_SA_EEE5beginEv
FNDA:2,_ZNSt3mapISt4pairIiN7doctest6StringEEPFPNS1_9IReporterERKNS1_14ContextOptionsEESt4lessIS3_ESaIS0_IKS3_SA_EEE5beginEv
FN:363,_ZNKSt3mapISt4pairIiN7doctest6StringEEPFPNS1_9IReporterERKNS1_14ContextOptionsEESt4lessIS3_ESaIS0_IKS3_SA_EEE5beginEv
FNDA:0,_ZNKSt3mapISt4pairIiN7doctest6StringEEPFPNS1_9IReporterERKNS1_14ContextOptionsEESt4lessIS3_ESaIS0_IKS3_SA_EEE5beginEv
FN:372,_ZNSt3mapISt4pairIiN7doctest6StringEEPFPNS1_9IReporterERKNS1_14ContextOptionsEESt4lessIS3_ESaIS0_IKS3_SA_EEE3endEv
FNDA:2,_ZNSt3mapISt4pairIiN7doctest6StringEEPFPNS1_9IReporterERKNS1_14ContextOptionsEESt4lessIS3_ESaIS0_IKS3_SA_EEE3endEv
FN:381,_ZNKSt3mapISt4pairIiN7doctest6StringEEPFPNS1_9IReporterERKNS1_14ContextOptionsEESt4lessIS3_ESaIS0_IKS3_SA_EEE3endEv
FNDA:0,_ZNKSt3mapISt4pairIiN7doctest6StringEEPFPNS1_9IReporterERKNS1_14ContextOptionsEESt4lessIS3_ESaIS0_IKS3_SA_EEE3endEv
FN:468,_ZNKSt3mapISt4pairIiN7doctest6StringEEPFPNS1_9IReporterERKNS1_14ContextOptionsEESt4lessIS3_ESaIS0_IKS3_SA_EEE4sizeEv
FNDA:0,_ZNKSt3mapISt4pairIiN7doctest6StringEEPFPNS1_9IReporterERKNS1_14ContextOptionsEESt4lessIS3_ESaIS0_IKS3_SA_EEE4sizeEv
FN:808,_ZNSt3mapISt4pairIiN7doctest6StringEEPFPNS1_9IReporterERKNS1_14ContextOptionsEESt4lessIS3_ESaIS0_IKS3_SA_EEE6insertEOSE_
FNDA:3,_ZNSt3mapISt4pairIiN7doctest6StringEEPFPNS1_9IReporterERKNS1_14ContextOptionsEESt4lessIS3_ESaIS0_IKS3_SA_EEE6insertEOSE_
DA:183,2
DA:300,2
DA:354,2
DA:355,2
DA:363,0
DA:364,0
DA:372,2
DA:373,2
DA:381,0
DA:382,0
DA:468,0
DA:469,0
DA:808,3
DA:809,3
end_of_record
SF:/usr/include/c++/9/bits/stl_iterator_base_funcs.h
FN:98,_ZSt10__distanceIPcENSt15iterator_traitsIT_E15difference_typeES2_S2_St26random_access_iterator_tag
FNDA:0,_ZSt10__distanceIPcENSt15iterator_traitsIT_E15difference_typeES2_S2_St26random_access_iterator_tag
FN:98,_ZSt10__distanceIPKcENSt15iterator_traitsIT_E15difference_typeES3_S3_St26random_access_iterator_tag
FNDA:0,_ZSt10__distanceIPKcENSt15iterator_traitsIT_E15difference_typeES3_S3_St26random_access_iterator_tag
FN:138,_ZSt8distanceIPcENSt15iterator_traitsIT_E15difference_typeES2_S2_
FNDA:0,_ZSt8distanceIPcENSt15iterator_traitsIT_E15difference_typeES2_S2_
FN:138,_ZSt8distanceIPKcENSt15iterator_traitsIT_E15difference_typeES3_S3_
FNDA:0,_ZSt8distanceIPKcENSt15iterator_traitsIT_E15difference_typeES3_S3_
DA:98,0
DA:104,0
DA:98,0
DA:104,0
DA:138,0
DA:141,0
DA:142,0
DA:138,0
DA:141,0
DA:142,0
end_of_record
SF:/usr/include/c++/9/bits/stl_construct.h
FN:74,_ZSt10_ConstructIN7doctest16SubcaseSignatureEJRKS1_EEvPT_DpOT0_
FNDA:0,_ZSt10_ConstructIN7doctest16SubcaseSignatureEJRKS1_EEvPT_DpOT0_
FN:74,_ZSt10_ConstructISt6vectorIN7doctest6StringESaIS2_EEJEEvPT_DpOT0_
FNDA:9,_ZSt10_ConstructISt6vectorIN7doctest6StringESaIS2_EEJEEvPT_DpOT0_
FN:74,_ZSt10_ConstructIN7doctest6StringEJRKS1_EEvPT_DpOT0_
FNDA:0,_ZSt10_ConstructIN7doctest6StringEJRKS1_EEvPT_DpOT0_
FN:97,_ZSt8_DestroyINSt7__cxx1112basic_stringIcSt11char_traitsIcESaIcEEEEvPT_
FNDA:0,_ZSt8_DestroyINSt7__cxx1112basic_stringIcSt11char_traitsIcESaIcEEEEvPT_
FN:97,_ZSt8_DestroyISt6vectorIN7doctest6StringESaIS2_EEEvPT_
FNDA:9,_ZSt8_DestroyISt6vectorIN7doctest6StringESaIS2_EEEvPT_
FN:97,_ZSt8_DestroyIN7doctest12_GLOBAL__N_113JUnitReporter17JUnitTestCaseData16JUnitTestMessageEEvPT_
FNDA:0,_ZSt8_DestroyIN7doctest12_GLOBAL__N_113JUnitReporter17JUnitTestCaseData16JUnitTestMessageEEvPT_
FN:97,_ZSt8_DestroyIN7doctest6StringEEvPT_
FNDA:1,_ZSt8_DestroyIN7doctest6StringEEvPT_
FN:97,_ZSt8_DestroyIN7doctest12_GLOBAL__N_113JUnitReporter17JUnitTestCaseData13JUnitTestCaseEEvPT_
FNDA:0,_ZSt8_DestroyIN7doctest12_GLOBAL__N_113JUnitReporter17JUnitTestCaseData13JUnitTestCaseEEvPT_
FN:97,_ZSt8_DestroyIN7doctest16SubcaseSignatureEEvPT_
FNDA:0,_ZSt8_DestroyIN7doctest16SubcaseSignatureEEvPT_
FN:105,_ZNSt12_Destroy_auxILb0EE9__destroyIPSt6vectorIN7doctest6StringESaIS4_EEEEvT_S8_
FNDA:1,_ZNSt12_Destroy_auxILb0EE9__destroyIPSt6vectorIN7doctest6StringESaIS4_EEEEvT_S8_
FN:105,_ZNSt12_Destroy_auxILb0EE9__destroyIPNSt7__cxx1112basic_stringIcSt11char_traitsIcESaIcEEEEEvT_S9_
FNDA:0,_ZNSt12_Destroy_auxILb0EE9__destroyIPNSt7__cxx1112basic_stringIcSt11char_traitsIcESaIcEEEEEvT_S9_
FN:105,_ZNSt12_Destroy_auxILb0EE9__destroyIPN7doctest12_GLOBAL__N_113JUnitReporter17JUnitTestCaseData16JUnitTestMessageEEEvT_S8_
FNDA:0,_ZNSt12_Destroy_auxILb0EE9__destroyIPN7doctest12_GLOBAL__N_113JUnitReporter17JUnitTestCaseData16JUnitTestMessageEEEvT_S8_
FN:105,_ZNSt12_Destroy_auxILb0EE9__destroyIPN7doctest16SubcaseSignatureEEEvT_S5_
FNDA:2,_ZNSt12_Destroy_auxILb0EE9__destroyIPN7doctest16SubcaseSignatureEEEvT_S5_
FN:105,_ZNSt12_Destroy_auxILb0EE9__destroyIPN7doctest12_GLOBAL__N_113JUnitReporter17JUnitTestCaseData13JUnitTestCaseEEEvT_S8_
FNDA:0,_ZNSt12_Destroy_auxILb0EE9__destroyIPN7doctest12_GLOBAL__N_113JUnitReporter17JUnitTestCaseData13JUnitTestCaseEEEvT_S8_
FN:105,_ZNSt12_Destroy_auxILb0EE9__destroyIPN7doctest6StringEEEvT_S5_
FNDA:11,_ZNSt12_Destroy_auxILb0EE9__destroyIPN7doctest6StringEEEvT_S5_
FN:117,_ZNSt12_Destroy_auxILb1EE9__destroyIPPN7doctest13IContextScopeEEEvT_S6_
FNDA:0,_ZNSt12_Destroy_auxILb1EE9__destroyIPPN7doctest13IContextScopeEEEvT_S6_
FN:117,_ZNSt12_Destroy_auxILb1EE9__destroyIPPKN7doctest6detail20IExceptionTranslatorEEEvT_S8_
FNDA:0,_ZNSt12_Destroy_auxILb1EE9__destroyIPPKN7doctest6detail20IExceptionTranslatorEEEvT_S8_
FN:117,_ZNSt12_Destroy_auxILb1EE9__destroyIPPKN7doctest6detail8TestCaseEEEvT_S8_
FNDA:1,_ZNSt12_Destroy_auxILb1EE9__destroyIPPKN7doctest6detail8TestCaseEEEvT_S8_
FN:117,_ZNSt12_Destroy_auxILb1EE9__destroyIPPKN7doctest12TestCaseDataEEEvT_S7_
FNDA:1,_ZNSt12_Destroy_auxILb1EE9__destroyIPPKN7doctest12TestCaseDataEEEvT_S7_
FN:117,_ZNSt12_Destroy_auxILb1EE9__destroyIPPN7doctest9IReporterEEEvT_S6_
FNDA:2,_ZNSt12_Destroy_auxILb1EE9__destroyIPPN7doctest9IReporterEEEvT_S6_
FN:127,_ZSt8_DestroyIPNSt7__cxx1112basic_stringIcSt11char_traitsIcESaIcEEEEvT_S7_
FNDA:0,_ZSt8_DestroyIPNSt7__cxx1112basic_stringIcSt11char_traitsIcESaIcEEEEvT_S7_
FN:127,_ZSt8_DestroyIPSt6vectorIN7doctest6StringESaIS2_EEEvT_S6_
FNDA:1,_ZSt8_DestroyIPSt6vectorIN7doctest6StringESaIS2_EEEvT_S6_
FN:127,_ZSt8_DestroyIPPKN7doctest6detail20IExceptionTranslatorEEvT_S6_
FNDA:0,_ZSt8_DestroyIPPKN7doctest6detail20IExceptionTranslatorEEvT_S6_
FN:127,_ZSt8_DestroyIPN7doctest12_GLOBAL__N_113JUnitReporter17JUnitTestCaseData16JUnitTestMessageEEvT_S6_
FNDA:0,_ZSt8_DestroyIPN7doctest12_GLOBAL__N_113JUnitReporter17JUnitTestCaseData16JUnitTestMessageEEvT_S6_
FN:127,_ZSt8_DestroyIPN7doctest6StringEEvT_S3_
FNDA:11,_ZSt8_DestroyIPN7doctest6StringEEvT_S3_
FN:127,_ZSt8_DestroyIPN7doctest12_GLOBAL__N_113JUnitReporter17JUnitTestCaseData13JUnitTestCaseEEvT_S6_
FNDA:0,_ZSt8_DestroyIPN7doctest12_GLOBAL__N_113JUnitReporter17JUnitTestCaseData13JUnitTestCaseEEvT_S6_
FN:127,_ZSt8_DestroyIPN7doctest16SubcaseSignatureEEvT_S3_
FNDA:2,_ZSt8_DestroyIPN7doctest16SubcaseSignatureEEvT_S3_
FN:127,_ZSt8_DestroyIPPN7doctest9IReporterEEvT_S4_
FNDA:2,_ZSt8_DestroyIPPN7doctest9IReporterEEvT_S4_
FN:127,_ZSt8_DestroyIPPKN7doctest6detail8TestCaseEEvT_S6_
FNDA:1,_ZSt8_DestroyIPPKN7doctest6detail8TestCaseEEvT_S6_
FN:127,_ZSt8_DestroyIPPKN7doctest12TestCaseDataEEvT_S5_
FNDA:1,_ZSt8_DestroyIPPKN7doctest12TestCaseDataEEvT_S5_
FN:127,_ZSt8_DestroyIPPN7doctest13IContextScopeEEvT_S4_
FNDA:0,_ZSt8_DestroyIPPN7doctest13IContextScopeEEvT_S4_
FN:203,_ZSt8_DestroyIPPN7doctest13IContextScopeES2_EvT_S4_RSaIT0_E
FNDA:0,_ZSt8_DestroyIPPN7doctest13IContextScopeES2_EvT_S4_RSaIT0_E
FN:203,_ZSt8_DestroyIPPKN7doctest12TestCaseDataES3_EvT_S5_RSaIT0_E
FNDA:1,_ZSt8_DestroyIPPKN7doctest12TestCaseDataES3_EvT_S5_RSaIT0_E
FN:203,_ZSt8_DestroyIPPKN7doctest6detail8TestCaseES4_EvT_S6_RSaIT0_E
FNDA:1,_ZSt8_DestroyIPPKN7doctest6detail8TestCaseES4_EvT_S6_RSaIT0_E
FN:203,_ZSt8_DestroyIPPN7doctest9IReporterES2_EvT_S4_RSaIT0_E
FNDA:2,_ZSt8_DestroyIPPN7doctest9IReporterES2_EvT_S4_RSaIT0_E
FN:203,_ZSt8_DestroyIPN7doctest16SubcaseSignatureES1_EvT_S3_RSaIT0_E
FNDA:2,_ZSt8_DestroyIPN7doctest16SubcaseSignatureES1_EvT_S3_RSaIT0_E
FN:203,_ZSt8_DestroyIPN7doctest12_GLOBAL__N_113JUnitReporter17JUnitTestCaseData13JUnitTestCaseES4_EvT_S6_RSaIT0_E
FNDA:0,_ZSt8_DestroyIPN7doctest12_GLOBAL__N_113JUnitReporter17JUnitTestCaseData13JUnitTestCaseES4_EvT_S6_RSaIT0_E
FN:203,_ZSt8_DestroyIPN7doctest6StringES1_EvT_S3_RSaIT0_E
FNDA:11,_ZSt8_DestroyIPN7doctest6StringES1_EvT_S3_RSaIT0_E
FN:203,_ZSt8_DestroyIPN7doctest12_GLOBAL__N_113JUnitReporter17JUnitTestCaseData16JUnitTestMessageES4_EvT_S6_RSaIT0_E
FNDA:0,_ZSt8_DestroyIPN7doctest12_GLOBAL__N_113JUnitReporter17JUnitTestCaseData16JUnitTestMessageES4_EvT_S6_RSaIT0_E
FN:203,_ZSt8_DestroyIPNSt7__cxx1112basic_stringIcSt11char_traitsIcESaIcEEES5_EvT_S7_RSaIT0_E
FNDA:0,_ZSt8_DestroyIPNSt7__cxx1112basic_stringIcSt11char_traitsIcESaIcEEES5_EvT_S7_RSaIT0_E
FN:203,_ZSt8_DestroyIPPKN7doctest6detail20IExceptionTranslatorES4_EvT_S6_RSaIT0_E
FNDA:0,_ZSt8_DestroyIPPKN7doctest6detail20IExceptionTranslatorES4_EvT_S6_RSaIT0_E
FN:203,_ZSt8_DestroyIPSt6vectorIN7doctest6StringESaIS2_EES4_EvT_S6_RSaIT0_E
FNDA:1,_ZSt8_DestroyIPSt6vectorIN7doctest6StringESaIS2_EES4_EvT_S6_RSaIT0_E
DA:74,0
DA:75,0
DA:74,9
DA:75,9
DA:74,0
DA:75,0
DA:97,0
DA:98,0
DA:97,0
DA:98,0
DA:97,1
DA:98,1
DA:97,0
DA:98,0
DA:97,0
DA:98,0
DA:97,9
DA:98,9
DA:105,2
DA:107,2
DA:108,0
DA:109,2
DA:105,0
DA:107,0
DA:108,0
DA:109,0
DA:105,12
DA:107,12
DA:108,1
DA:109,11
DA:105,0
DA:107,0
DA:108,0
DA:109,0
DA:105,0
DA:107,0
DA:108,0
DA:109,0
DA:105,10
DA:107,10
DA:108,9
DA:109,1
DA:117,0
DA:117,1
DA:117,1
DA:117,2
DA:117,0
DA:127,0
DA:137,0
DA:138,0
DA:127,1
DA:137,1
DA:138,1
DA:127,1
DA:137,1
DA:138,1
DA:127,2
DA:137,2
DA:138,2
DA:127,2
DA:137,2
DA:138,2
DA:127,0
DA:137,0
DA:138,0
DA:127,11
DA:137,11
DA:138,11
DA:127,0
DA:137,0
DA:138,0
DA:127,0
DA:137,0
DA:138,0
DA:127,0
DA:137,0
DA:138,0
DA:127,1
DA:137,1
DA:138,1
DA:203,0
DA:206,0
DA:207,0
DA:203,1
DA:206,1
DA:207,1
DA:203,1
DA:206,1
DA:207,1
DA:203,2
DA:206,2
DA:207,2
DA:203,2
DA:206,2
DA:207,2
DA:203,0
DA:206,0
DA:207,0
DA:203,11
DA:206,11
DA:207,11
DA:203,0
DA:206,0
DA:207,0
DA:203,0
DA:206,0
DA:207,0
DA:203,0
DA:206,0
DA:207,0
DA:203,1
DA:206,1
DA:207,1
end_of_record
SF:/usr/include/c++/9/bits/stl_pair.h
FN:303,_ZNSt4pairIiN7doctest6StringEEC2ERKS2_
FNDA:3,_ZNSt4pairIiN7doctest6StringEEC2ERKS2_
FN:304,_ZNSt4pairIKS_IiN7doctest6StringEEPFPNS0_9IReporterERKNS0_14ContextOptionsEEEC2EOSB_
FNDA:3,_ZNSt4pairIKS_IiN7doctest6StringEEPFPNS0_9IReporterERKNS0_14ContextOptionsEEEC2EOSB_
FN:304,_ZNSt4pairIiN7doctest6StringEEC2EOS2_
FNDA:3,_ZNSt4pairIiN7doctest6StringEEC2EOS2_
FN:311,_ZNSt4pairIPSt18_Rb_tree_node_baseS1_EC2IRS1_Lb1EEEOT_RKS1_
FNDA:0,_ZNSt4pairIPSt18_Rb_tree_node_baseS1_EC2IRS1_Lb1EEEOT_RKS1_
FN:341,_ZNSt4pairIiN7doctest6StringEEC2IRiRPKcLb1EEEOT_OT0_
FNDA:3,_ZNSt4pairIiN7doctest6StringEEC2IRiRPKcLb1EEEOT_OT0_
FN:341,_ZNSt4pairIKS_IiN7doctest6StringEEPFPNS0_9IReporterERKNS0_14ContextOptionsEEEC2IS2_RSA_Lb1EEEOT_OT0_
FNDA:3,_ZNSt4pairIKS_IiN7doctest6StringEEPFPNS0_9IReporterERKNS0_14ContextOptionsEEEC2IS2_RSA_Lb1EEEOT_OT0_
FN:341,_ZNSt4pairISt23_Rb_tree_const_iteratorISt6vectorIN7doctest16SubcaseSignatureESaIS3_EEEbEC2IRSt17_Rb_tree_iteratorIS5_ERbLb1EEEOT_OT0_
FNDA:0,_ZNSt4pairISt23_Rb_tree_const_iteratorISt6vectorIN7doctest16SubcaseSignatureESaIS3_EEEbEC2IRSt17_Rb_tree_iteratorIS5_ERbLb1EEEOT_OT0_
FN:341,_ZNSt4pairISt23_Rb_tree_const_iteratorIN7doctest6detail8TestCaseEEbEC2IRSt17_Rb_tree_iteratorIS3_ERbLb1EEEOT_OT0_
FNDA:1,_ZNSt4pairISt23_Rb_tree_const_iteratorIN7doctest6detail8TestCaseEEbEC2IRSt17_Rb_tree_iteratorIS3_ERbLb1EEEOT_OT0_
FN:341,_ZNSt4pairISt23_Rb_tree_const_iteratorIN7doctest6StringEEbEC2IRSt17_Rb_tree_iteratorIS2_ERbLb1EEEOT_OT0_
FNDA:0,_ZNSt4pairISt23_Rb_tree_const_iteratorIN7doctest6StringEEbEC2IRSt17_Rb_tree_iteratorIS2_ERbLb1EEEOT_OT0_
FN:341,_ZNSt4pairISt17_Rb_tree_iteratorISt6vectorIN7doctest16SubcaseSignatureESaIS3_EEEbEC2IS6_bLb1EEEOT_OT0_
FNDA:0,_ZNSt4pairISt17_Rb_tree_iteratorISt6vectorIN7doctest16SubcaseSignatureESaIS3_EEEbEC2IS6_bLb1EEEOT_OT0_
FN:341,_ZNSt4pairISt17_Rb_tree_iteratorIN7doctest6detail8TestCaseEEbEC2IS4_bLb1EEEOT_OT0_
FNDA:1,_ZNSt4pairISt17_Rb_tree_iteratorIN7doctest6detail8TestCaseEEbEC2IS4_bLb1EEEOT_OT0_
FN:341,_ZNSt4pairISt17_Rb_tree_iteratorIN7doctest6StringEEbEC2IS3_bLb1EEEOT_OT0_
FNDA:0,_ZNSt4pairISt17_Rb_tree_iteratorIN7doctest6StringEEbEC2IS3_bLb1EEEOT_OT0_
FN:341,_ZNSt4pairISt17_Rb_tree_iteratorIS_IKS_IiN7doctest6StringEEPFPNS1_9IReporterERKNS1_14ContextOptionsEEEEbEC2ISD_bLb1EEEOT_OT0_
FNDA:3,_ZNSt4pairISt17_Rb_tree_iteratorIS_IKS_IiN7doctest6StringEEPFPNS1_9IReporterERKNS1_14ContextOptionsEEEEbEC2ISD_bLb1EEEOT_OT0_
FN:341,_ZNSt4pairIPSt18_Rb_tree_node_baseS1_EC2IRPSt13_Rb_tree_nodeISt6vectorIN7doctest16SubcaseSignatureESaIS7_EEERS1_Lb1EEEOT_OT0_
FNDA:0,_ZNSt4pairIPSt18_Rb_tree_node_baseS1_EC2IRPSt13_Rb_tree_nodeISt6vectorIN7doctest16SubcaseSignatureESaIS7_EEERS1_Lb1EEEOT_OT0_
FN:341,_ZNSt4pairIPSt18_Rb_tree_node_baseS1_EC2IRPSt13_Rb_tree_nodeIN7doctest6detail8TestCaseEERS1_Lb1EEEOT_OT0_
FNDA:1,_ZNSt4pairIPSt18_Rb_tree_node_baseS1_EC2IRPSt13_Rb_tree_nodeIN7doctest6detail8TestCaseEERS1_Lb1EEEOT_OT0_
FN:341,_ZNSt4pairIPSt18_Rb_tree_node_baseS1_EC2IRPSt13_Rb_tree_nodeIN7doctest6StringEERS1_Lb1EEEOT_OT0_
FNDA:0,_ZNSt4pairIPSt18_Rb_tree_node_baseS1_EC2IRPSt13_Rb_tree_nodeIN7doctest6StringEERS1_Lb1EEEOT_OT0_
FN:341,_ZNSt4pairIPSt18_Rb_tree_node_baseS1_EC2IRPSt13_Rb_tree_nodeIS_IKS_IiN7doctest6StringEEPFPNS5_9IReporterERKNS5_14ContextOptionsEEEERS1_Lb1EEEOT_OT0_
FNDA:3,_ZNSt4pairIPSt18_Rb_tree_node_baseS1_EC2IRPSt13_Rb_tree_nodeIS_IKS_IiN7doctest6StringEEPFPNS5_9IReporterERKNS5_14ContextOptionsEEEERS1_Lb1EEEOT_OT0_
FN:454,_ZStltIiN7doctest6StringEEbRKSt4pairIT_T0_ES7_
FNDA:5,_ZStltIiN7doctest6StringEEbRKSt4pairIT_T0_ES7_
DA:303,3
DA:304,3
DA:304,3
DA:311,0
DA:312,0
DA:341,3
DA:342,3
DA:341,0
DA:342,0
DA:341,1
DA:342,1
DA:341,0
DA:342,0
DA:341,3
DA:342,3
DA:341,0
DA:342,0
DA:341,1
DA:342,1
DA:341,0
DA:342,0
DA:341,0
DA:342,0
DA:341,1
DA:342,1
DA:341,0
DA:342,0
DA:341,3
DA:342,3
DA:341,3
DA:342,3
DA:454,5
DA:455,5
DA:456,5
end_of_record
SF:/usr/include/c++/9/bits/predefined_ops.h
FN:42,_ZNK9__gnu_cxx5__ops15_Iter_less_iterclIPKN7doctest16SubcaseSignatureES6_EEbT_T0_
FNDA:0,_ZNK9__gnu_cxx5__ops15_Iter_less_iterclIPKN7doctest16SubcaseSignatureES6_EEbT_T0_
FN:48,_ZN9__gnu_cxx5__ops16__iter_less_iterEv
FNDA:0,_ZN9__gnu_cxx5__ops16__iter_less_iterEv
FN:135,_ZN9__gnu_cxx5__ops15_Iter_comp_iterIPFbPKN7doctest6detail8TestCaseES6_EEC2ES8_
FNDA:1,_ZN9__gnu_cxx5__ops15_Iter_comp_iterIPFbPKN7doctest6detail8TestCaseES6_EEC2ES8_
FN:142,_ZN9__gnu_cxx5__ops15_Iter_comp_iterIPFbPKN7doctest6detail8TestCaseES6_EEclINS_17__normal_iteratorIPS6_St6vectorIS6_SaIS6_EEEESG_EEbT_T0_
FNDA:0,_ZN9__gnu_cxx5__ops15_Iter_comp_iterIPFbPKN7doctest6detail8TestCaseES6_EEclINS_17__normal_iteratorIPS6_St6vectorIS6_SaIS6_EEEESG_EEbT_T0_
FN:149,_ZN9__gnu_cxx5__ops16__iter_comp_iterIPFbPKN7doctest6detail8TestCaseES6_EEENS0_15_Iter_comp_iterIT_EESA_
FNDA:1,_ZN9__gnu_cxx5__ops16__iter_comp_iterIPFbPKN7doctest6detail8TestCaseES6_EEENS0_15_Iter_comp_iterIT_EESA_
FN:169,_ZN9__gnu_cxx5__ops14_Iter_comp_valIPFbPKN7doctest6detail8TestCaseES6_EEC2EONS0_15_Iter_comp_iterIS8_EE
FNDA:0,_ZN9__gnu_cxx5__ops14_Iter_comp_valIPFbPKN7doctest6detail8TestCaseES6_EEC2EONS0_15_Iter_comp_iterIS8_EE
FN:176,_ZN9__gnu_cxx5__ops14_Iter_comp_valIPFbPKN7doctest6detail8TestCaseES6_EEclINS_17__normal_iteratorIPS6_St6vectorIS6_SaIS6_EEEES6_EEbT_RT0_
FNDA:0,_ZN9__gnu_cxx5__ops14_Iter_comp_valIPFbPKN7doctest6detail8TestCaseES6_EEclINS_17__normal_iteratorIPS6_St6vectorIS6_SaIS6_EEEES6_EEbT_RT0_
FN:207,_ZN9__gnu_cxx5__ops14_Val_comp_iterIPFbPKN7doctest6detail8TestCaseES6_EEC2EONS0_15_Iter_comp_iterIS8_EE
FNDA:0,_ZN9__gnu_cxx5__ops14_Val_comp_iterIPFbPKN7doctest6detail8TestCaseES6_EEC2EONS0_15_Iter_comp_iterIS8_EE
FN:214,_ZN9__gnu_cxx5__ops14_Val_comp_iterIPFbPKN7doctest6detail8TestCaseES6_EEclIS6_NS_17__normal_iteratorIPS6_St6vectorIS6_SaIS6_EEEEEEbRT_T0_
FNDA:0,_ZN9__gnu_cxx5__ops14_Val_comp_iterIPFbPKN7doctest6detail8TestCaseES6_EEclIS6_NS_17__normal_iteratorIPS6_St6vectorIS6_SaIS6_EEEEEEbRT_T0_
FN:225,_ZN9__gnu_cxx5__ops15__val_comp_iterIPFbPKN7doctest6detail8TestCaseES6_EEENS0_14_Val_comp_iterIT_EENS0_15_Iter_comp_iterISA_EE
FNDA:0,_ZN9__gnu_cxx5__ops15__val_comp_iterIPFbPKN7doctest6detail8TestCaseES6_EEENS0_14_Val_comp_iterIT_EENS0_15_Iter_comp_iterISA_EE
FN:234,_ZN9__gnu_cxx5__ops16_Iter_equals_valIKPKN7doctest6detail20IExceptionTranslatorEEC2ERS7_
FNDA:0,_ZN9__gnu_cxx5__ops16_Iter_equals_valIKPKN7doctest6detail20IExceptionTranslatorEEC2ERS7_
FN:240,_ZN9__gnu_cxx5__ops16_Iter_equals_valIKPKN7doctest6detail20IExceptionTranslatorEEclINS_17__normal_iteratorIPS6_St6vectorIS6_SaIS6_EEEEEEbT_
FNDA:0,_ZN9__gnu_cxx5__ops16_Iter_equals_valIKPKN7doctest6detail20IExceptionTranslatorEEclINS_17__normal_iteratorIPS6_St6vectorIS6_SaIS6_EEEEEEbT_
FN:246,_ZN9__gnu_cxx5__ops17__iter_equals_valIKPKN7doctest6detail20IExceptionTranslatorEEENS0_16_Iter_equals_valIT_EERS9_
FNDA:0,_ZN9__gnu_cxx5__ops17__iter_equals_valIKPKN7doctest6detail20IExceptionTranslatorEEENS0_16_Iter_equals_valIT_EERS9_
DA:42,0
DA:43,0
DA:48,0
DA:49,0
DA:135,1
DA:136,1
DA:137,1
DA:142,0
DA:143,0
DA:149,1
DA:150,1
DA:169,0
DA:170,0
DA:171,0
DA:176,0
DA:177,0
DA:207,0
DA:208,0
DA:209,0
DA:214,0
DA:215,0
DA:225,0
DA:226,0
DA:234,0
DA:235,0
DA:236,0
DA:240,0
DA:241,0
DA:246,0
DA:247,0
end_of_record
SF:/usr/include/c++/9/iostream
end_of_record
SF:/usr/include/c++/9/limits
FN:1687,_ZNSt14numeric_limitsIfE7epsilonEv
FNDA:1,_ZNSt14numeric_limitsIfE7epsilonEv
DA:1687,1
end_of_record
SF:/usr/include/c++/9/bits/std_mutex.h
FN:65,_ZNSt12__mutex_baseC2Ev
FNDA:1,_ZNSt12__mutex_baseC2Ev
FN:91,_ZNSt5mutexC2Ev
FNDA:1,_ZNSt5mutexC2Ev
FN:98,_ZNSt5mutex4lockEv
FNDA:0,_ZNSt5mutex4lockEv
FN:115,_ZNSt5mutex6unlockEv
FNDA:0,_ZNSt5mutex6unlockEv
FN:158,_ZNSt10lock_guardISt5mutexEC2ERS0_
FNDA:0,_ZNSt10lock_guardISt5mutexEC2ERS0_
FN:164,_ZNSt10lock_guardISt5mutexED2Ev
FNDA:0,_ZNSt10lock_guardISt5mutexED2Ev
DA:65,1
DA:91,1
DA:98,0
DA:100,0
DA:103,0
DA:104,0
DA:105,0
DA:115,0
DA:118,0
DA:119,0
DA:158,0
DA:159,0
DA:164,0
DA:165,0
end_of_record
SF:/usr/include/c++/9/bits/stl_algobase.h
FN:123,_ZSt9iter_swapIN9__gnu_cxx17__normal_iteratorIPPKN7doctest6detail8TestCaseESt6vectorIS6_SaIS6_EEEESB_EvT_T0_
FNDA:0,_ZSt9iter_swapIN9__gnu_cxx17__normal_iteratorIPPKN7doctest6detail8TestCaseESt6vectorIS6_SaIS6_EEEESB_EvT_T0_
FN:198,_ZSt3minImERKT_S2_S2_
FNDA:7,_ZSt3minImERKT_S2_S2_
FN:222,_ZSt3maxIjERKT_S2_S2_
FNDA:3,_ZSt3maxIjERKT_S2_S2_
FN:222,_ZSt3maxIdERKT_S2_S2_
FNDA:1,_ZSt3maxIdERKT_S2_S2_
FN:222,_ZSt3maxImERKT_S2_S2_
FNDA:3,_ZSt3maxImERKT_S2_S2_
FN:280,_ZSt12__niter_baseIPPKN7doctest12TestCaseDataEET_S5_
FNDA:0,_ZSt12__niter_baseIPPKN7doctest12TestCaseDataEET_S5_
FN:280,_ZSt12__niter_baseIPPKN7doctest6detail8TestCaseEET_S6_
FNDA:6,_ZSt12__niter_baseIPPKN7doctest6detail8TestCaseEET_S6_
FN:280,_ZSt12__niter_baseIPPKN7doctest6detail20IExceptionTranslatorEET_S6_
FNDA:0,_ZSt12__niter_baseIPPKN7doctest6detail20IExceptionTranslatorEET_S6_
FN:280,_ZSt12__niter_baseIPPN7doctest13IContextScopeEET_S4_
FNDA:0,_ZSt12__niter_baseIPPN7doctest13IContextScopeEET_S4_
FN:280,_ZSt12__niter_baseIPNSt7__cxx1112basic_stringIcSt11char_traitsIcESaIcEEEET_S7_
FNDA:0,_ZSt12__niter_baseIPNSt7__cxx1112basic_stringIcSt11char_traitsIcESaIcEEEET_S7_
FN:280,_ZSt12__niter_baseIPN7doctest12_GLOBAL__N_113JUnitReporter17JUnitTestCaseData13JUnitTestCaseEET_S6_
FNDA:0,_ZSt12__niter_baseIPN7doctest12_GLOBAL__N_113JUnitReporter17JUnitTestCaseData13JUnitTestCaseEET_S6_
FN:280,_ZSt12__niter_baseIPN7doctest12_GLOBAL__N_113JUnitReporter17JUnitTestCaseData16JUnitTestMessageEET_S6_
FNDA:0,_ZSt12__niter_baseIPN7doctest12_GLOBAL__N_113JUnitReporter17JUnitTestCaseData16JUnitTestMessageEET_S6_
FN:280,_ZSt12__niter_baseIPPN7doctest9IReporterEET_S4_
FNDA:6,_ZSt12__niter_baseIPPN7doctest9IReporterEET_S4_
FN:289,_ZSt12__niter_wrapIN9__gnu_cxx17__normal_iteratorIPPKN7doctest6detail8TestCaseESt6vectorIS6_SaIS6_EEEES7_ET_SC_T0_
FNDA:0,_ZSt12__niter_wrapIN9__gnu_cxx17__normal_iteratorIPPKN7doctest6detail8TestCaseESt6vectorIS6_SaIS6_EEEES7_ET_SC_T0_
FN:295,_ZSt12__niter_wrapIPPN7doctest9IReporterEET_RKS4_S4_
FNDA:0,_ZSt12__niter_wrapIPPN7doctest9IReporterEET_RKS4_S4_
FN:577,_ZNSt20__copy_move_backwardILb1ELb1ESt26random_access_iterator_tagE13__copy_move_bIPKN7doctest6detail8TestCaseEEEPT_PKS8_SB_S9_
FNDA:0,_ZNSt20__copy_move_backwardILb1ELb1ESt26random_access_iterator_tagE13__copy_move_bIPKN7doctest6detail8TestCaseEEEPT_PKS8_SB_S9_
FN:577,_ZNSt20__copy_move_backwardILb1ELb1ESt26random_access_iterator_tagE13__copy_move_bIPN7doctest9IReporterEEEPT_PKS6_S9_S7_
FNDA:0,_ZNSt20__copy_move_backwardILb1ELb1ESt26random_access_iterator_tagE13__copy_move_bIPN7doctest9IReporterEEEPT_PKS6_S9_S7_
FN:595,_ZSt22__copy_move_backward_aILb1EPPN7doctest9IReporterES3_ET1_T0_S5_S4_
FNDA:0,_ZSt22__copy_move_backward_aILb1EPPN7doctest9IReporterES3_ET1_T0_S5_S4_
FN:595,_ZSt22__copy_move_backward_aILb1EPPKN7doctest6detail8TestCaseES5_ET1_T0_S7_S6_
FNDA:0,_ZSt22__copy_move_backward_aILb1EPPKN7doctest6detail8TestCaseES5_ET1_T0_S7_S6_
FN:613,_ZSt23__copy_move_backward_a2ILb1EN9__gnu_cxx17__normal_iteratorIPPKN7doctest6detail8TestCaseESt6vectorIS6_SaIS6_EEEESB_ET1_T0_SD_SC_
FNDA:0,_ZSt23__copy_move_backward_a2ILb1EN9__gnu_cxx17__normal_iteratorIPPKN7doctest6detail8TestCaseESt6vectorIS6_SaIS6_EEEESB_ET1_T0_SD_SC_
FN:613,_ZSt23__copy_move_backward_a2ILb1EPPN7doctest9IReporterES3_ET1_T0_S5_S4_
FNDA:0,_ZSt23__copy_move_backward_a2ILb1EPPN7doctest9IReporterES3_ET1_T0_S5_S4_
FN:676,_ZSt13move_backwardIN9__gnu_cxx17__normal_iteratorIPPKN7doctest6detail8TestCaseESt6vectorIS6_SaIS6_EEEESB_ET0_T_SD_SC_
FNDA:0,_ZSt13move_backwardIN9__gnu_cxx17__normal_iteratorIPPKN7doctest6detail8TestCaseESt6vectorIS6_SaIS6_EEEESB_ET0_T_SD_SC_
FN:676,_ZSt13move_backwardIPPN7doctest9IReporterES3_ET0_T_S5_S4_
FNDA:0,_ZSt13move_backwardIPPN7doctest9IReporterES3_ET0_T_S5_S4_
FN:873,_ZNSt8__lc_raiISt26random_access_iterator_tagS0_E10__newlast1IPKN7doctest16SubcaseSignatureES6_EET_S7_S7_T0_S8_
FNDA:0,_ZNSt8__lc_raiISt26random_access_iterator_tagS0_E10__newlast1IPKN7doctest16SubcaseSignatureES6_EET_S7_S7_T0_S8_
FN:885,_ZNSt8__lc_raiISt26random_access_iterator_tagS0_E6__cnd2IPKN7doctest16SubcaseSignatureEEEbT_S7_
FNDA:0,_ZNSt8__lc_raiISt26random_access_iterator_tagS0_E6__cnd2IPKN7doctest16SubcaseSignatureEEEbT_S7_
FN:891,_ZSt30__lexicographical_compare_implIPKN7doctest16SubcaseSignatureES3_N9__gnu_cxx5__ops15_Iter_less_iterEEbT_S7_T0_S8_T1_
FNDA:0,_ZSt30__lexicographical_compare_implIPKN7doctest16SubcaseSignatureES3_N9__gnu_cxx5__ops15_Iter_less_iterEEbT_S7_T0_S8_T1_
FN:921,_ZNSt25__lexicographical_compareILb0EE4__lcIPKN7doctest16SubcaseSignatureES5_EEbT_S6_T0_S7_
FNDA:0,_ZNSt25__lexicographical_compareILb0EE4__lcIPKN7doctest16SubcaseSignatureES5_EEbT_S6_T0_S7_
FN:948,_ZSt29__lexicographical_compare_auxIPKN7doctest16SubcaseSignatureES3_EbT_S4_T0_S5_
FNDA:0,_ZSt29__lexicographical_compare_auxIPKN7doctest16SubcaseSignatureES3_EbT_S4_T0_S5_
FN:1028,_ZSt4__lgl
FNDA:1,_ZSt4__lgl
FN:1241,_ZSt23lexicographical_compareIN9__gnu_cxx17__normal_iteratorIPKN7doctest16SubcaseSignatureESt6vectorIS3_SaIS3_EEEES9_EbT_SA_T0_SB_
FNDA:0,_ZSt23lexicographical_compareIN9__gnu_cxx17__normal_iteratorIPKN7doctest16SubcaseSignatureESt6vectorIS3_SaIS3_EEEES9_EbT_SA_T0_SB_
DA:123,0
DA:151,0
DA:153,0
DA:198,7
DA:203,7
DA:204,0
DA:205,7
DA:222,1
DA:227,1
DA:228,0
DA:229,1
DA:222,3
DA:227,3
DA:228,3
DA:229,0
DA:222,3
DA:227,3
DA:228,0
DA:229,3
DA:280,0
DA:282,0
DA:280,6
DA:282,6
DA:280,0
DA:282,0
DA:280,6
DA:282,6
DA:280,0
DA:282,0
DA:280,0
DA:282,0
DA:280,0
DA:282,0
DA:280,0
DA:282,0
DA:289,0
DA:290,0
DA:295,0
DA:296,0
DA:577,0
DA:586,0
DA:587,0
DA:588,0
DA:589,0
DA:577,0
DA:586,0
DA:587,0
DA:588,0
DA:589,0
DA:595,0
DA:600,0
DA:606,0
DA:608,0
DA:595,0
DA:600,0
DA:606,0
DA:608,0
DA:613,0
DA:615,0
DA:618,0
DA:613,0
DA:615,0
DA:618,0
DA:676,0
DA:686,0
DA:688,0
DA:676,0
DA:686,0
DA:688,0
DA:873,0
DA:877,0
DA:879,0
DA:880,0
DA:885,0
DA:886,0
DA:891,0
DA:899,0
DA:900,0
DA:903,0
DA:904,0
DA:905,0
DA:906,0
DA:908,0
DA:921,0
DA:924,0
DA:926,0
DA:948,0
DA:953,0
DA:960,0
DA:961,0
DA:1028,1
DA:1029,1
DA:1241,0
DA:1256,0
DA:1259,0
end_of_record
SF:/usr/include/c++/9/bits/basic_string.tcc
FN:206,_ZNSt7__cxx1112basic_stringIcSt11char_traitsIcESaIcEE12_M_constructIPcEEvT_S7_St20forward_iterator_tag
FNDA:0,_ZNSt7__cxx1112basic_stringIcSt11char_traitsIcESaIcEE12_M_constructIPcEEvT_S7_St20forward_iterator_tag
FN:206,_ZNSt7__cxx1112basic_stringIcSt11char_traitsIcESaIcEE12_M_constructIPKcEEvT_S8_St20forward_iterator_tag
FNDA:0,_ZNSt7__cxx1112basic_stringIcSt11char_traitsIcESaIcEE12_M_constructIPKcEEvT_S8_St20forward_iterator_tag
DA:206,0
DA:211,0
DA:212,0
DA:215,0
DA:217,0
DA:219,0
DA:220,0
DA:225,0
DA:226,0
DA:228,0
DA:229,0
DA:232,0
DA:233,0
DA:206,0
DA:211,0
DA:212,0
DA:215,0
DA:217,0
DA:219,0
DA:220,0
DA:225,0
DA:226,0
DA:228,0
DA:229,0
DA:232,0
DA:233,0
end_of_record
SF:/usr/include/c++/9/bits/stl_heap.h
FN:128,_ZSt11__push_heapIN9__gnu_cxx17__normal_iteratorIPPKN7doctest6detail8TestCaseESt6vectorIS6_SaIS6_EEEElS6_NS0_5__ops14_Iter_comp_valIPFbS6_S6_EEEEvT_T0_SI_T1_RT2_
FNDA:0,_ZSt11__push_heapIN9__gnu_cxx17__normal_iteratorIPPKN7doctest6detail8TestCaseESt6vectorIS6_SaIS6_EEEElS6_NS0_5__ops14_Iter_comp_valIPFbS6_S6_EEEEvT_T0_SI_T1_RT2_
FN:214,_ZSt13__adjust_heapIN9__gnu_cxx17__normal_iteratorIPPKN7doctest6detail8TestCaseESt6vectorIS6_SaIS6_EEEElS6_NS0_5__ops15_Iter_comp_iterIPFbS6_S6_EEEEvT_T0_SI_T1_T2_
FNDA:0,_ZSt13__adjust_heapIN9__gnu_cxx17__normal_iteratorIPPKN7doctest6detail8TestCaseESt6vectorIS6_SaIS6_EEEElS6_NS0_5__ops15_Iter_comp_iterIPFbS6_S6_EEEEvT_T0_SI_T1_T2_
FN:243,_ZSt10__pop_heapIN9__gnu_cxx17__normal_iteratorIPPKN7doctest6detail8TestCaseESt6vectorIS6_SaIS6_EEEENS0_5__ops15_Iter_comp_iterIPFbS6_S6_EEEEvT_SH_SH_RT0_
FNDA:0,_ZSt10__pop_heapIN9__gnu_cxx17__normal_iteratorIPPKN7doctest6detail8TestCaseESt6vectorIS6_SaIS6_EEEENS0_5__ops15_Iter_comp_iterIPFbS6_S6_EEEEvT_SH_SH_RT0_
FN:326,_ZSt11__make_heapIN9__gnu_cxx17__normal_iteratorIPPKN7doctest6detail8TestCaseESt6vectorIS6_SaIS6_EEEENS0_5__ops15_Iter_comp_iterIPFbS6_S6_EEEEvT_SH_RT0_
FNDA:0,_ZSt11__make_heapIN9__gnu_cxx17__normal_iteratorIPPKN7doctest6detail8TestCaseESt6vectorIS6_SaIS6_EEEENS0_5__ops15_Iter_comp_iterIPFbS6_S6_EEEEvT_SH_RT0_
FN:402,_ZSt11__sort_heapIN9__gnu_cxx17__normal_iteratorIPPKN7doctest6detail8TestCaseESt6vectorIS6_SaIS6_EEEENS0_5__ops15_Iter_comp_iterIPFbS6_S6_EEEEvT_SH_RT0_
FNDA:0,_ZSt11__sort_heapIN9__gnu_cxx17__normal_iteratorIPPKN7doctest6detail8TestCaseESt6vectorIS6_SaIS6_EEEENS0_5__ops15_Iter_comp_iterIPFbS6_S6_EEEEvT_SH_RT0_
DA:128,0
DA:132,0
DA:133,0
DA:135,0
DA:136,0
DA:137,0
DA:139,0
DA:140,0
DA:214,0
DA:217,0
DA:218,0
DA:219,0
DA:221,0
DA:222,0
DA:224,0
DA:225,0
DA:226,0
DA:228,0
DA:230,0
DA:231,0
DA:233,0
DA:236,0
DA:237,0
DA:238,0
DA:239,0
DA:243,0
DA:251,0
DA:252,0
DA:253,0
DA:254,0
DA:255,0
DA:256,0
DA:326,0
DA:334,0
DA:335,0
DA:337,0
DA:338,0
DA:339,0
DA:341,0
DA:342,0
DA:344,0
DA:345,0
DA:346,0
DA:402,0
DA:405,0
DA:407,0
DA:408,0
DA:410,0
end_of_record
SF:/usr/include/c++/9/bits/stl_function.h
FN:385,_ZNKSt4lessISt4pairIiN7doctest6StringEEEclERKS3_S6_
FNDA:5,_ZNKSt4lessISt4pairIiN7doctest6StringEEEclERKS3_S6_
FN:385,_ZNKSt4lessIN7doctest6detail8TestCaseEEclERKS2_S5_
FNDA:0,_ZNKSt4lessIN7doctest6detail8TestCaseEEclERKS2_S5_
FN:385,_ZNKSt4lessIN7doctest6StringEEclERKS1_S4_
FNDA:0,_ZNKSt4lessIN7doctest6StringEEclERKS1_S4_
FN:385,_ZNKSt4lessISt6vectorIN7doctest16SubcaseSignatureESaIS2_EEEclERKS4_S7_
FNDA:0,_ZNKSt4lessISt6vectorIN7doctest16SubcaseSignatureESaIS2_EEEclERKS4_S7_
FN:1135,_ZNKSt9_IdentityIN7doctest6StringEEclERS1_
FNDA:0,_ZNKSt9_IdentityIN7doctest6StringEEclERS1_
FN:1139,_ZNKSt9_IdentityIN7doctest6StringEEclERKS1_
FNDA:0,_ZNKSt9_IdentityIN7doctest6StringEEclERKS1_
FN:1139,_ZNKSt9_IdentityIN7doctest6detail8TestCaseEEclERKS2_
FNDA:1,_ZNKSt9_IdentityIN7doctest6detail8TestCaseEEclERKS2_
FN:1139,_ZNKSt9_IdentityISt6vectorIN7doctest16SubcaseSignatureESaIS2_EEEclERKS4_
FNDA:0,_ZNKSt9_IdentityISt6vectorIN7doctest16SubcaseSignatureESaIS2_EEEclERKS4_
FN:1151,_ZNKSt10_Select1stISt4pairIKS0_IiN7doctest6StringEEPFPNS1_9IReporterERKNS1_14ContextOptionsEEEEclERSC_
FNDA:5,_ZNKSt10_Select1stISt4pairIKS0_IiN7doctest6StringEEPFPNS1_9IReporterERKNS1_14ContextOptionsEEEEclERSC_
FN:1155,_ZNKSt10_Select1stISt4pairIKS0_IiN7doctest6StringEEPFPNS1_9IReporterERKNS1_14ContextOptionsEEEEclERKSC_
FNDA:5,_ZNKSt10_Select1stISt4pairIKS0_IiN7doctest6StringEEPFPNS1_9IReporterERKNS1_14ContextOptionsEEEEclERKSC_
DA:385,5
DA:386,5
DA:385,0
DA:386,0
DA:385,0
DA:386,0
DA:385,0
DA:386,0
DA:1135,0
DA:1136,0
DA:1139,0
DA:1140,0
DA:1139,1
DA:1140,1
DA:1139,0
DA:1140,0
DA:1151,5
DA:1152,5
DA:1155,5
DA:1156,5
end_of_record
SF:/usr/include/c++/9/bits/stl_tree.h
FN:146,_ZNSt20_Rb_tree_key_compareISt4lessIN7doctest6StringEEEC2Ev
FNDA:1,_ZNSt20_Rb_tree_key_compareISt4lessIN7doctest6StringEEEC2Ev
FN:146,_ZNSt20_Rb_tree_key_compareISt4lessISt6vectorIN7doctest16SubcaseSignatureESaIS3_EEEEC2Ev
FNDA:1,_ZNSt20_Rb_tree_key_compareISt4lessISt6vectorIN7doctest16SubcaseSignatureESaIS3_EEEEC2Ev
FN:146,_ZNSt20_Rb_tree_key_compareISt4lessISt4pairIiN7doctest6StringEEEEC2Ev
FNDA:2,_ZNSt20_Rb_tree_key_compareISt4lessISt4pairIiN7doctest6StringEEEEC2Ev
FN:146,_ZNSt20_Rb_tree_key_compareISt4lessIN7doctest6detail8TestCaseEEEC2Ev
FNDA:1,_ZNSt20_Rb_tree_key_compareISt4lessIN7doctest6detail8TestCaseEEEC2Ev
FN:173,_ZNSt15_Rb_tree_headerC2Ev
FNDA:5,_ZNSt15_Rb_tree_headerC2Ev
FN:206,_ZNSt15_Rb_tree_header8_M_resetEv
FNDA:6,_ZNSt15_Rb_tree_header8_M_resetEv
FN:234,_ZNSt13_Rb_tree_nodeIN7doctest6detail8TestCaseEE9_M_valptrEv
FNDA:2,_ZNSt13_Rb_tree_nodeIN7doctest6detail8TestCaseEE9_M_valptrEv
FN:234,_ZNSt13_Rb_tree_nodeISt6vectorIN7doctest16SubcaseSignatureESaIS2_EEE9_M_valptrEv
FNDA:0,_ZNSt13_Rb_tree_nodeISt6vectorIN7doctest16SubcaseSignatureESaIS2_EEE9_M_valptrEv
FN:234,_ZNSt13_Rb_tree_nodeIN7doctest6StringEE9_M_valptrEv
FNDA:0,_ZNSt13_Rb_tree_nodeIN7doctest6StringEE9_M_valptrEv
FN:234,_ZNSt13_Rb_tree_nodeISt4pairIKS0_IiN7doctest6StringEEPFPNS1_9IReporterERKNS1_14ContextOptionsEEEE9_M_valptrEv
FNDA:9,_ZNSt13_Rb_tree_nodeISt4pairIKS0_IiN7doctest6StringEEPFPNS1_9IReporterERKNS1_14ContextOptionsEEEE9_M_valptrEv
FN:238,_ZNKSt13_Rb_tree_nodeIN7doctest6StringEE9_M_valptrEv
FNDA:0,_ZNKSt13_Rb_tree_nodeIN7doctest6StringEE9_M_valptrEv
FN:238,_ZNKSt13_Rb_tree_nodeISt4pairIKS0_IiN7doctest6StringEEPFPNS1_9IReporterERKNS1_14ContextOptionsEEEE9_M_valptrEv
FNDA:5,_ZNKSt13_Rb_tree_nodeISt4pairIKS0_IiN7doctest6StringEEPFPNS1_9IReporterERKNS1_14ContextOptionsEEEE9_M_valptrEv
FN:238,_ZNKSt13_Rb_tree_nodeIN7doctest6detail8TestCaseEE9_M_valptrEv
FNDA:1,_ZNKSt13_Rb_tree_nodeIN7doctest6detail8TestCaseEE9_M_valptrEv
FN:238,_ZNKSt13_Rb_tree_nodeISt6vectorIN7doctest16SubcaseSignatureESaIS2_EEE9_M_valptrEv
FNDA:0,_ZNKSt13_Rb_tree_nodeISt6vectorIN7doctest16SubcaseSignatureESaIS2_EEE9_M_valptrEv
FN:273,_ZNSt17_Rb_tree_iteratorISt4pairIKS0_IiN7doctest6StringEEPFPNS1_9IReporterERKNS1_14ContextOptionsEEEEC2EPSt18_Rb_tree_node_base
FNDA:13,_ZNSt17_Rb_tree_iteratorISt4pairIKS0_IiN7doctest6StringEEPFPNS1_9IReporterERKNS1_14ContextOptionsEEEEC2EPSt18_Rb_tree_node_base
FN:273,_ZNSt17_Rb_tree_iteratorIN7doctest6StringEEC2EPSt18_Rb_tree_node_base
FNDA:0,_ZNSt17_Rb_tree_iteratorIN7doctest6StringEEC2EPSt18_Rb_tree_node_base
FN:273,_ZNSt17_Rb_tree_iteratorIN7doctest6detail8TestCaseEEC2EPSt18_Rb_tree_node_base
FNDA:3,_ZNSt17_Rb_tree_iteratorIN7doctest6detail8TestCaseEEC2EPSt18_Rb_tree_node_base
FN:273,_ZNSt17_Rb_tree_iteratorISt6vectorIN7doctest16SubcaseSignatureESaIS2_EEEC2EPSt18_Rb_tree_node_base
FNDA:0,_ZNSt17_Rb_tree_iteratorISt6vectorIN7doctest16SubcaseSignatureESaIS2_EEEC2EPSt18_Rb_tree_node_base
FN:277,_ZNKSt17_Rb_tree_iteratorISt4pairIKS0_IiN7doctest6StringEEPFPNS1_9IReporterERKNS1_14ContextOptionsEEEEdeEv
FNDA:3,_ZNKSt17_Rb_tree_iteratorISt4pairIKS0_IiN7doctest6StringEEPFPNS1_9IReporterERKNS1_14ContextOptionsEEEEdeEv
FN:285,_ZNSt17_Rb_tree_iteratorISt4pairIKS0_IiN7doctest6StringEEPFPNS1_9IReporterERKNS1_14ContextOptionsEEEEppEv
FNDA:3,_ZNSt17_Rb_tree_iteratorISt4pairIKS0_IiN7doctest6StringEEPFPNS1_9IReporterERKNS1_14ContextOptionsEEEEppEv
FN:300,_ZNSt17_Rb_tree_iteratorISt4pairIKS0_IiN7doctest6StringEEPFPNS1_9IReporterERKNS1_14ContextOptionsEEEEmmEv
FNDA:0,_ZNSt17_Rb_tree_iteratorISt4pairIKS0_IiN7doctest6StringEEPFPNS1_9IReporterERKNS1_14ContextOptionsEEEEmmEv
FN:300,_ZNSt17_Rb_tree_iteratorIN7doctest6StringEEmmEv
FNDA:0,_ZNSt17_Rb_tree_iteratorIN7doctest6StringEEmmEv
FN:300,_ZNSt17_Rb_tree_iteratorISt6vectorIN7doctest16SubcaseSignatureESaIS2_EEEmmEv
FNDA:0,_ZNSt17_Rb_tree_iteratorISt6vectorIN7doctest16SubcaseSignatureESaIS2_EEEmmEv
FN:300,_ZNSt17_Rb_tree_iteratorIN7doctest6detail8TestCaseEEmmEv
FNDA:0,_ZNSt17_Rb_tree_iteratorIN7doctest6detail8TestCaseEEmmEv
FN:315,_ZSteqRKSt17_Rb_tree_iteratorISt4pairIKS0_IiN7doctest6StringEEPFPNS1_9IReporterERKNS1_14ContextOptionsEEEESF_
FNDA:3,_ZSteqRKSt17_Rb_tree_iteratorISt4pairIKS0_IiN7doctest6StringEEPFPNS1_9IReporterERKNS1_14ContextOptionsEEEESF_
FN:315,_ZSteqRKSt17_Rb_tree_iteratorISt6vectorIN7doctest16SubcaseSignatureESaIS2_EEES7_
FNDA:0,_ZSteqRKSt17_Rb_tree_iteratorISt6vectorIN7doctest16SubcaseSignatureESaIS2_EEES7_
FN:315,_ZSteqRKSt17_Rb_tree_iteratorIN7doctest6StringEES4_
FNDA:0,_ZSteqRKSt17_Rb_tree_iteratorIN7doctest6StringEES4_
FN:315,_ZSteqRKSt17_Rb_tree_iteratorIN7doctest6detail8TestCaseEES5_
FNDA:1,_ZSteqRKSt17_Rb_tree_iteratorIN7doctest6detail8TestCaseEES5_
FN:319,_ZStneRKSt17_Rb_tree_iteratorISt4pairIKS0_IiN7doctest6StringEEPFPNS1_9IReporterERKNS1_14ContextOptionsEEEESF_
FNDA:5,_ZStneRKSt17_Rb_tree_iteratorISt4pairIKS0_IiN7doctest6StringEEPFPNS1_9IReporterERKNS1_14ContextOptionsEEEESF_
FN:345,_ZNSt23_Rb_tree_const_iteratorISt6vectorIN7doctest16SubcaseSignatureESaIS2_EEEC2EPKSt18_Rb_tree_node_base
FNDA:0,_ZNSt23_Rb_tree_const_iteratorISt6vectorIN7doctest16SubcaseSignatureESaIS2_EEEC2EPKSt18_Rb_tree_node_base
FN:345,_ZNSt23_Rb_tree_const_iteratorISt4pairIKS0_IiN7doctest6StringEEPFPNS1_9IReporterERKNS1_14ContextOptionsEEEEC2EPKSt18_Rb_tree_node_base
FNDA:0,_ZNSt23_Rb_tree_const_iteratorISt4pairIKS0_IiN7doctest6StringEEPFPNS1_9IReporterERKNS1_14ContextOptionsEEEEC2EPKSt18_Rb_tree_node_base
FN:345,_ZNSt23_Rb_tree_const_iteratorIN7doctest6detail8TestCaseEEC2EPKSt18_Rb_tree_node_base
FNDA:2,_ZNSt23_Rb_tree_const_iteratorIN7doctest6detail8TestCaseEEC2EPKSt18_Rb_tree_node_base
FN:345,_ZNSt23_Rb_tree_const_iteratorIN7doctest6StringEEC2EPKSt18_Rb_tree_node_base
FNDA:0,_ZNSt23_Rb_tree_const_iteratorIN7doctest6StringEEC2EPKSt18_Rb_tree_node_base
FN:348,_ZNSt23_Rb_tree_const_iteratorIN7doctest6detail8TestCaseEEC2ERKSt17_Rb_tree_iteratorIS2_E
FNDA:1,_ZNSt23_Rb_tree_const_iteratorIN7doctest6detail8TestCaseEEC2ERKSt17_Rb_tree_iteratorIS2_E
FN:348,_ZNSt23_Rb_tree_const_iteratorIN7doctest6StringEEC2ERKSt17_Rb_tree_iteratorIS1_E
FNDA:0,_ZNSt23_Rb_tree_const_iteratorIN7doctest6StringEEC2ERKSt17_Rb_tree_iteratorIS1_E
FN:348,_ZNSt23_Rb_tree_const_iteratorISt6vectorIN7doctest16SubcaseSignatureESaIS2_EEEC2ERKSt17_Rb_tree_iteratorIS4_E
FNDA:0,_ZNSt23_Rb_tree_const_iteratorISt6vectorIN7doctest16SubcaseSignatureESaIS2_EEEC2ERKSt17_Rb_tree_iteratorIS4_E
FN:356,_ZNKSt23_Rb_tree_const_iteratorISt4pairIKS0_IiN7doctest6StringEEPFPNS1_9IReporterERKNS1_14ContextOptionsEEEEdeEv
FNDA:0,_ZNKSt23_Rb_tree_const_iteratorISt4pairIKS0_IiN7doctest6StringEEPFPNS1_9IReporterERKNS1_14ContextOptionsEEEEdeEv
FN:356,_ZNKSt23_Rb_tree_const_iteratorIN7doctest6detail8TestCaseEEdeEv
FNDA:1,_ZNKSt23_Rb_tree_const_iteratorIN7doctest6detail8TestCaseEEdeEv
FN:364,_ZNSt23_Rb_tree_const_iteratorIN7doctest6detail8TestCaseEEppEv
FNDA:1,_ZNSt23_Rb_tree_const_iteratorIN7doctest6detail8TestCaseEEppEv
FN:364,_ZNSt23_Rb_tree_const_iteratorISt4pairIKS0_IiN7doctest6StringEEPFPNS1_9IReporterERKNS1_14ContextOptionsEEEEppEv
FNDA:0,_ZNSt23_Rb_tree_const_iteratorISt4pairIKS0_IiN7doctest6StringEEPFPNS1_9IReporterERKNS1_14ContextOptionsEEEEppEv
FN:394,_ZSteqRKSt23_Rb_tree_const_iteratorIN7doctest6StringEES4_
FNDA:0,_ZSteqRKSt23_Rb_tree_const_iteratorIN7doctest6StringEES4_
FN:394,_ZSteqRKSt23_Rb_tree_const_iteratorISt6vectorIN7doctest16SubcaseSignatureESaIS2_EEES7_
FNDA:0,_ZSteqRKSt23_Rb_tree_const_iteratorISt6vectorIN7doctest16SubcaseSignatureESaIS2_EEES7_
FN:398,_ZStneRKSt23_Rb_tree_const_iteratorIN7doctest6detail8TestCaseEES5_
FNDA:2,_ZStneRKSt23_Rb_tree_const_iteratorIN7doctest6detail8TestCaseEES5_
FN:398,_ZStneRKSt23_Rb_tree_const_iteratorISt4pairIKS0_IiN7doctest6StringEEPFPNS1_9IReporterERKNS1_14ContextOptionsEEEESF_
FNDA:0,_ZStneRKSt23_Rb_tree_const_iteratorISt4pairIKS0_IiN7doctest6StringEEPFPNS1_9IReporterERKNS1_14ContextOptionsEEEESF_
FN:538,_ZNSt8_Rb_treeISt4pairIiN7doctest6StringEES0_IKS3_PFPNS1_9IReporterERKNS1_14ContextOptionsEEESt10_Select1stISC_ESt4lessIS3_ESaISC_EE11_Alloc_nodeC2ERSI_
FNDA:3,_ZNSt8_Rb_treeISt4pairIiN7doctest6StringEES0_IKS3_PFPNS1_9IReporterERKNS1_14ContextOptionsEEESt10_Select1stISC_ESt4lessIS3_ESaISC_EE11_Alloc_nodeC2ERSI_
FN:538,_ZNSt8_Rb_treeISt6vectorIN7doctest16SubcaseSignatureESaIS2_EES4_St9_IdentityIS4_ESt4lessIS4_ESaIS4_EE11_Alloc_nodeC2ERSA_
FNDA:0,_ZNSt8_Rb_treeISt6vectorIN7doctest16SubcaseSignatureESaIS2_EES4_St9_IdentityIS4_ESt4lessIS4_ESaIS4_EE11_Alloc_nodeC2ERSA_
FN:538,_ZNSt8_Rb_treeIN7doctest6StringES1_St9_IdentityIS1_ESt4lessIS1_ESaIS1_EE11_Alloc_nodeC2ERS7_
FNDA:0,_ZNSt8_Rb_treeIN7doctest6StringES1_St9_IdentityIS1_ESt4lessIS1_ESaIS1_EE11_Alloc_nodeC2ERS7_
FN:538,_ZNSt8_Rb_treeIN7doctest6detail8TestCaseES2_St9_IdentityIS2_ESt4lessIS2_ESaIS2_EE11_Alloc_nodeC2ERS8_
FNDA:1,_ZNSt8_Rb_treeIN7doctest6detail8TestCaseES2_St9_IdentityIS2_ESt4lessIS2_ESaIS2_EE11_Alloc_nodeC2ERS8_
FN:546,_ZNKSt8_Rb_treeISt4pairIiN7doctest6StringEES0_IKS3_PFPNS1_9IReporterERKNS1_14ContextOptionsEEESt10_Select1stISC_ESt4lessIS3_ESaISC_EE11_Alloc_nodeclISC_EEPSt13_Rb_tree_nodeISC_EOT_
FNDA:3,_ZNKSt8_Rb_treeISt4pairIiN7doctest6StringEES0_IKS3_PFPNS1_9IReporterERKNS1_14ContextOptionsEEESt10_Select1stISC_ESt4lessIS3_ESaISC_EE11_Alloc_nodeclISC_EEPSt13_Rb_tree_nodeISC_EOT_
FN:546,_ZNKSt8_Rb_treeISt6vectorIN7doctest16SubcaseSignatureESaIS2_EES4_St9_IdentityIS4_ESt4lessIS4_ESaIS4_EE11_Alloc_nodeclIRKS4_EEPSt13_Rb_tree_nodeIS4_EOT_
FNDA:0,_ZNKSt8_Rb_treeISt6vectorIN7doctest16SubcaseSignatureESaIS2_EES4_St9_IdentityIS4_ESt4lessIS4_ESaIS4_EE11_Alloc_nodeclIRKS4_EEPSt13_Rb_tree_nodeIS4_EOT_
FN:546,_ZNKSt8_Rb_treeIN7doctest6StringES1_St9_IdentityIS1_ESt4lessIS1_ESaIS1_EE11_Alloc_nodeclIS1_EEPSt13_Rb_tree_nodeIS1_EOT_
FNDA:0,_ZNKSt8_Rb_treeIN7doctest6StringES1_St9_IdentityIS1_ESt4lessIS1_ESaIS1_EE11_Alloc_nodeclIS1_EEPSt13_Rb_tree_nodeIS1_EOT_
FN:546,_ZNKSt8_Rb_treeIN7doctest6detail8TestCaseES2_St9_IdentityIS2_ESt4lessIS2_ESaIS2_EE11_Alloc_nodeclIRKS2_EEPSt13_Rb_tree_nodeIS2_EOT_
FNDA:1,_ZNKSt8_Rb_treeIN7doctest6detail8TestCaseES2_St9_IdentityIS2_ESt4lessIS2_ESaIS2_EE11_Alloc_nodeclIRKS2_EEPSt13_Rb_tree_nodeIS2_EOT_
FN:566,_ZNSt8_Rb_treeIN7doctest6detail8TestCaseES2_St9_IdentityIS2_ESt4lessIS2_ESaIS2_EE21_M_get_Node_allocatorEv
FNDA:4,_ZNSt8_Rb_treeIN7doctest6detail8TestCaseES2_St9_IdentityIS2_ESt4lessIS2_ESaIS2_EE21_M_get_Node_allocatorEv
FN:566,_ZNSt8_Rb_treeISt4pairIiN7doctest6StringEES0_IKS3_PFPNS1_9IReporterERKNS1_14ContextOptionsEEESt10_Select1stISC_ESt4lessIS3_ESaISC_EE21_M_get_Node_allocatorEv
FNDA:12,_ZNSt8_Rb_treeISt4pairIiN7doctest6StringEES0_IKS3_PFPNS1_9IReporterERKNS1_14ContextOptionsEEESt10_Select1stISC_ESt4lessIS3_ESaISC_EE21_M_get_Node_allocatorEv
FN:566,_ZNSt8_Rb_treeIN7doctest6StringES1_St9_IdentityIS1_ESt4lessIS1_ESaIS1_EE21_M_get_Node_allocatorEv
FNDA:0,_ZNSt8_Rb_treeIN7doctest6StringES1_St9_IdentityIS1_ESt4lessIS1_ESaIS1_EE21_M_get_Node_allocatorEv
FN:566,_ZNSt8_Rb_treeISt6vectorIN7doctest16SubcaseSignatureESaIS2_EES4_St9_IdentityIS4_ESt4lessIS4_ESaIS4_EE21_M_get_Node_allocatorEv
FNDA:0,_ZNSt8_Rb_treeISt6vectorIN7doctest16SubcaseSignatureESaIS2_EES4_St9_IdentityIS4_ESt4lessIS4_ESaIS4_EE21_M_get_Node_allocatorEv
FN:579,_ZNSt8_Rb_treeISt6vectorIN7doctest16SubcaseSignatureESaIS2_EES4_St9_IdentityIS4_ESt4lessIS4_ESaIS4_EE11_M_get_nodeEv
FNDA:0,_ZNSt8_Rb_treeISt6vectorIN7doctest16SubcaseSignatureESaIS2_EES4_St9_IdentityIS4_ESt4lessIS4_ESaIS4_EE11_M_get_nodeEv
FN:579,_ZNSt8_Rb_treeISt4pairIiN7doctest6StringEES0_IKS3_PFPNS1_9IReporterERKNS1_14ContextOptionsEEESt10_Select1stISC_ESt4lessIS3_ESaISC_EE11_M_get_nodeEv
FNDA:3,_ZNSt8_Rb_treeISt4pairIiN7doctest6StringEES0_IKS3_PFPNS1_9IReporterERKNS1_14ContextOptionsEEESt10_Select1stISC_ESt4lessIS3_ESaISC_EE11_M_get_nodeEv
FN:579,_ZNSt8_Rb_treeIN7doctest6detail8TestCaseES2_St9_IdentityIS2_ESt4lessIS2_ESaIS2_EE11_M_get_nodeEv
FNDA:1,_ZNSt8_Rb_treeIN7doctest6detail8TestCaseES2_St9_IdentityIS2_ESt4lessIS2_ESaIS2_EE11_M_get_nodeEv
FN:579,_ZNSt8_Rb_treeIN7doctest6StringES1_St9_IdentityIS1_ESt4lessIS1_ESaIS1_EE11_M_get_nodeEv
FNDA:0,_ZNSt8_Rb_treeIN7doctest6StringES1_St9_IdentityIS1_ESt4lessIS1_ESaIS1_EE11_M_get_nodeEv
FN:583,_ZNSt8_Rb_treeIN7doctest6StringES1_St9_IdentityIS1_ESt4lessIS1_ESaIS1_EE11_M_put_nodeEPSt13_Rb_tree_nodeIS1_E
FNDA:0,_ZNSt8_Rb_treeIN7doctest6StringES1_St9_IdentityIS1_ESt4lessIS1_ESaIS1_EE11_M_put_nodeEPSt13_Rb_tree_nodeIS1_E
FN:583,_ZNSt8_Rb_treeISt4pairIiN7doctest6StringEES0_IKS3_PFPNS1_9IReporterERKNS1_14ContextOptionsEEESt10_Select1stISC_ESt4lessIS3_ESaISC_EE11_M_put_nodeEPSt13_Rb_tree_nodeISC_E
FNDA:3,_ZNSt8_Rb_treeISt4pairIiN7doctest6StringEES0_IKS3_PFPNS1_9IReporterERKNS1_14ContextOptionsEEESt10_Select1stISC_ESt4lessIS3_ESaISC_EE11_M_put_nodeEPSt13_Rb_tree_nodeISC_E
FN:583,_ZNSt8_Rb_treeIN7doctest6detail8TestCaseES2_St9_IdentityIS2_ESt4lessIS2_ESaIS2_EE11_M_put_nodeEPSt13_Rb_tree_nodeIS2_E
FNDA:1,_ZNSt8_Rb_treeIN7doctest6detail8TestCaseES2_St9_IdentityIS2_ESt4lessIS2_ESaIS2_EE11_M_put_nodeEPSt13_Rb_tree_nodeIS2_E
FN:583,_ZNSt8_Rb_treeISt6vectorIN7doctest16SubcaseSignatureESaIS2_EES4_St9_IdentityIS4_ESt4lessIS4_ESaIS4_EE11_M_put_nodeEPSt13_Rb_tree_nodeIS4_E
FNDA:0,_ZNSt8_Rb_treeISt6vectorIN7doctest16SubcaseSignatureESaIS2_EES4_St9_IdentityIS4_ESt4lessIS4_ESaIS4_EE11_M_put_nodeEPSt13_Rb_tree_nodeIS4_E
FN:609,_ZNSt8_Rb_treeIN7doctest6detail8TestCaseES2_St9_IdentityIS2_ESt4lessIS2_ESaIS2_EE17_M_construct_nodeIJRKS2_EEEvPSt13_Rb_tree_nodeIS2_EDpOT_
FNDA:1,_ZNSt8_Rb_treeIN7doctest6detail8TestCaseES2_St9_IdentityIS2_ESt4lessIS2_ESaIS2_EE17_M_construct_nodeIJRKS2_EEEvPSt13_Rb_tree_nodeIS2_EDpOT_
FN:609,_ZNSt8_Rb_treeISt4pairIiN7doctest6StringEES0_IKS3_PFPNS1_9IReporterERKNS1_14ContextOptionsEEESt10_Select1stISC_ESt4lessIS3_ESaISC_EE17_M_construct_nodeIJSC_EEEvPSt13_Rb_tree_nodeISC_EDpOT_
FNDA:3,_ZNSt8_Rb_treeISt4pairIiN7doctest6StringEES0_IKS3_PFPNS1_9IReporterERKNS1_14ContextOptionsEEESt10_Select1stISC_ESt4lessIS3_ESaISC_EE17_M_construct_nodeIJSC_EEEvPSt13_Rb_tree_nodeISC_EDpOT_
FN:609,_ZNSt8_Rb_treeISt6vectorIN7doctest16SubcaseSignatureESaIS2_EES4_St9_IdentityIS4_ESt4lessIS4_ESaIS4_EE17_M_construct_nodeIJRKS4_EEEvPSt13_Rb_tree_nodeIS4_EDpOT_
FNDA:0,_ZNSt8_Rb_treeISt6vectorIN7doctest16SubcaseSignatureESaIS2_EES4_St9_IdentityIS4_ESt4lessIS4_ESaIS4_EE17_M_construct_nodeIJRKS4_EEEvPSt13_Rb_tree_nodeIS4_EDpOT_
FN:609,_ZNSt8_Rb_treeIN7doctest6StringES1_St9_IdentityIS1_ESt4lessIS1_ESaIS1_EE17_M_construct_nodeIJS1_EEEvPSt13_Rb_tree_nodeIS1_EDpOT_
FNDA:0,_ZNSt8_Rb_treeIN7doctest6StringES1_St9_IdentityIS1_ESt4lessIS1_ESaIS1_EE17_M_construct_nodeIJS1_EEEvPSt13_Rb_tree_nodeIS1_EDpOT_
FN:628,_ZNSt8_Rb_treeISt4pairIiN7doctest6StringEES0_IKS3_PFPNS1_9IReporterERKNS1_14ContextOptionsEEESt10_Select1stISC_ESt4lessIS3_ESaISC_EE14_M_create_nodeIJSC_EEEPSt13_Rb_tree_nodeISC_EDpOT_
FNDA:3,_ZNSt8_Rb_treeISt4pairIiN7doctest6StringEES0_IKS3_PFPNS1_9IReporterERKNS1_14ContextOptionsEEESt10_Select1stISC_ESt4lessIS3_ESaISC_EE14_M_create_nodeIJSC_EEEPSt13_Rb_tree_nodeISC_EDpOT_
[...]
FNDA:0,_ZNSt15__allocated_ptrISaISt23_Sp_counted_ptr_inplaceI6WektorILi3EESaIS2_ELN9__gnu_cxx12_Lock_policyE2EEEE3getEv
FN:95,_ZSt18__allocate_guardedISaISt23_Sp_counted_ptr_inplaceI6WektorILi3EESaIS2_ELN9__gnu_cxx12_Lock_policyE2EEEESt15__allocated_ptrIT_ERS9_
FNDA:0,_ZSt18__allocate_guardedISaISt23_Sp_counted_ptr_inplaceI6WektorILi3EESaIS2_ELN9__gnu_cxx12_Lock_policyE2EEEESt15__allocated_ptrIT_ERS9_
DA:52,0
DA:53,0
DA:54,0
DA:70,0
DA:72,0
DA:73,0
DA:74,0
DA:78,0
DA:80,0
DA:81,0
DA:85,0
DA:95,0
DA:97,0
end_of_record
SF:/usr/include/c++/9/new
FN:173,_ZnwmPv
FNDA:0,_ZnwmPv
FN:179,_ZdlPvS_
FNDA:0,_ZdlPvS_
DA:173,0
DA:174,0
DA:179,0
end_of_record
SF:/usr/include/c++/9/ext/new_allocator.h
FN:80,_ZN9__gnu_cxx13new_allocatorISt23_Sp_counted_ptr_inplaceI6WektorILi3EESaIS3_ELNS_12_Lock_policyE2EEEC2Ev
FNDA:0,_ZN9__gnu_cxx13new_allocatorISt23_Sp_counted_ptr_inplaceI6WektorILi3EESaIS3_ELNS_12_Lock_policyE2EEEC2Ev
FN:80,_ZN9__gnu_cxx13new_allocatorI6WektorILi3EEEC2Ev
FNDA:0,_ZN9__gnu_cxx13new_allocatorI6WektorILi3EEEC2Ev
FN:80,_ZN9__gnu_cxx13new_allocatorIcEC2Ev
FNDA:0,_ZN9__gnu_cxx13new_allocatorIcEC2Ev
FN:83,_ZN9__gnu_cxx13new_allocatorI6WektorILi3EEEC2ERKS3_
FNDA:0,_ZN9__gnu_cxx13new_allocatorI6WektorILi3EEEC2ERKS3_
FN:89,_ZN9__gnu_cxx13new_allocatorISt23_Sp_counted_ptr_inplaceI6WektorILi3EESaIS3_ELNS_12_Lock_policyE2EEED2Ev
FNDA:0,_ZN9__gnu_cxx13new_allocatorISt23_Sp_counted_ptr_inplaceI6WektorILi3EESaIS3_ELNS_12_Lock_policyE2EEED2Ev
FN:89,_ZN9__gnu_cxx13new_allocatorI6WektorILi3EEED2Ev
FNDA:0,_ZN9__gnu_cxx13new_allocatorI6WektorILi3EEED2Ev
FN:89,_ZN9__gnu_cxx13new_allocatorIcED2Ev
FNDA:0,_ZN9__gnu_cxx13new_allocatorIcED2Ev
FN:102,_ZN9__gnu_cxx13new_allocatorISt23_Sp_counted_ptr_inplaceI6WektorILi3EESaIS3_ELNS_12_Lock_policyE2EEE8allocateEmPKv
FNDA:0,_ZN9__gnu_cxx13new_allocatorISt23_Sp_counted_ptr_inplaceI6WektorILi3EESaIS3_ELNS_12_Lock_policyE2EEE8allocateEmPKv
FN:102,_ZN9__gnu_cxx13new_allocatorI6WektorILi3EEE8allocateEmPKv
FNDA:0,_ZN9__gnu_cxx13new_allocatorI6WektorILi3EEE8allocateEmPKv
FN:119,_ZN9__gnu_cxx13new_allocatorISt23_Sp_counted_ptr_inplaceI6WektorILi3EESaIS3_ELNS_12_Lock_policyE2EEE10deallocateEPS6_m
FNDA:0,_ZN9__gnu_cxx13new_allocatorISt23_Sp_counted_ptr_inplaceI6WektorILi3EESaIS3_ELNS_12_Lock_policyE2EEE10deallocateEPS6_m
FN:119,_ZN9__gnu_cxx13new_allocatorI6WektorILi3EEE10deallocateEPS2_m
FNDA:0,_ZN9__gnu_cxx13new_allocatorI6WektorILi3EEE10deallocateEPS2_m
FN:132,_ZNK9__gnu_cxx13new_allocatorISt23_Sp_counted_ptr_inplaceI6WektorILi3EESaIS3_ELNS_12_Lock_policyE2EEE8max_sizeEv
FNDA:0,_ZNK9__gnu_cxx13new_allocatorISt23_Sp_counted_ptr_inplaceI6WektorILi3EESaIS3_ELNS_12_Lock_policyE2EEE8max_sizeEv
FN:132,_ZNK9__gnu_cxx13new_allocatorI6WektorILi3EEE8max_sizeEv
FNDA:0,_ZNK9__gnu_cxx13new_allocatorI6WektorILi3EEE8max_sizeEv
FN:144,_ZN9__gnu_cxx13new_allocatorI6WektorILi3EEE9constructIS2_JRA3_dEEEvPT_DpOT0_
FNDA:0,_ZN9__gnu_cxx13new_allocatorI6WektorILi3EEE9constructIS2_JRA3_dEEEvPT_DpOT0_
FN:144,_ZN9__gnu_cxx13new_allocatorI6WektorILi3EEE9constructIS2_JRKS2_EEEvPT_DpOT0_
FNDA:0,_ZN9__gnu_cxx13new_allocatorI6WektorILi3EEE9constructIS2_JRKS2_EEEvPT_DpOT0_
FN:151,_ZN9__gnu_cxx13new_allocatorI6WektorILi3EEE7destroyIS2_EEvPT_
FNDA:0,_ZN9__gnu_cxx13new_allocatorI6WektorILi3EEE7destroyIS2_EEvPT_
DA:80,0
DA:80,0
DA:80,0
DA:83,0
DA:89,0
DA:89,0
DA:89,0
DA:102,0
DA:104,0
DA:105,0
DA:114,0
DA:102,0
DA:104,0
DA:105,0
DA:114,0
DA:119,0
DA:128,0
DA:119,0
DA:128,0
DA:132,0
DA:135,0
DA:132,0
DA:135,0
DA:144,0
DA:147,0
DA:144,0
DA:147,0
DA:151,0
DA:153,0
end_of_record
SF:/usr/include/c++/9/bits/alloc_traits.h
FN:443,_ZNSt16allocator_traitsISaISt23_Sp_counted_ptr_inplaceI6WektorILi3EESaIS2_ELN9__gnu_cxx12_Lock_policyE2EEEE8allocateERS7_m
FNDA:0,_ZNSt16allocator_traitsISaISt23_Sp_counted_ptr_inplaceI6WektorILi3EESaIS2_ELN9__gnu_cxx12_Lock_policyE2EEEE8allocateERS7_m
FN:443,_ZNSt16allocator_traitsISaI6WektorILi3EEEE8allocateERS2_m
FNDA:0,_ZNSt16allocator_traitsISaI6WektorILi3EEEE8allocateERS2_m
FN:469,_ZNSt16allocator_traitsISaISt23_Sp_counted_ptr_inplaceI6WektorILi3EESaIS2_ELN9__gnu_cxx12_Lock_policyE2EEEE10deallocateERS7_PS6_m
FNDA:0,_ZNSt16allocator_traitsISaISt23_Sp_counted_ptr_inplaceI6WektorILi3EESaIS2_ELN9__gnu_cxx12_Lock_policyE2EEEE10deallocateERS7_PS6_m
FN:469,_ZNSt16allocator_traitsISaI6WektorILi3EEEE10deallocateERS2_PS1_m
FNDA:0,_ZNSt16allocator_traitsISaI6WektorILi3EEEE10deallocateERS2_PS1_m
FN:482,_ZNSt16allocator_traitsISaI6WektorILi3EEEE9constructIS1_JRA3_dEEEvRS2_PT_DpOT0_
FNDA:0,_ZNSt16allocator_traitsISaI6WektorILi3EEEE9constructIS1_JRA3_dEEEvRS2_PT_DpOT0_
FN:482,_ZNSt16allocator_traitsISaI6WektorILi3EEEE9constructIS1_JRKS1_EEEvRS2_PT_DpOT0_
FNDA:0,_ZNSt16allocator_traitsISaI6WektorILi3EEEE9constructIS1_JRKS1_EEEvRS2_PT_DpOT0_
FN:495,_ZNSt16allocator_traitsISaI6WektorILi3EEEE7destroyIS1_EEvRS2_PT_
FNDA:0,_ZNSt16allocator_traitsISaI6WektorILi3EEEE7destroyIS1_EEvRS2_PT_
FN:505,_ZNSt16allocator_traitsISaI6WektorILi3EEEE8max_sizeERKS2_
FNDA:0,_ZNSt16allocator_traitsISaI6WektorILi3EEEE8max_sizeERKS2_
DA:443,0
DA:444,0
DA:443,0
DA:444,0
DA:469,0
DA:470,0
DA:469,0
DA:470,0
DA:482,0
DA:484,0
DA:482,0
DA:484,0
DA:495,0
DA:497,0
DA:505,0
DA:506,0
end_of_record
SF:/usr/include/c++/9/typeinfo
FN:120,_ZNKSt9type_infoeqERKS_
FNDA:0,_ZNKSt9type_infoeqERKS_
DA:120,0
DA:122,0
DA:123,0
DA:124,0
end_of_record
SF:/home/mburakowski/pobiektowe/zad5_3-mburakow/include/Obiekt_Sceny.hh
end_of_record
SF:/usr/include/x86_64-linux-gnu/c++/9/bits/gthr-default.h
FN:248,_ZL18__gthread_active_pv
FNDA:0,_ZL18__gthread_active_pv
DA:248,0
DA:252,0
end_of_record
SF:/usr/include/c++/9/ext/atomicity.h
FN:48,_ZN9__gnu_cxxL18__exchange_and_addEPVii
FNDA:0,_ZN9__gnu_cxxL18__exchange_and_addEPVii
FN:65,_ZN9__gnu_cxxL25__exchange_and_add_singleEPii
FNDA:0,_ZN9__gnu_cxxL25__exchange_and_add_singleEPii
FN:78,_ZN9__gnu_cxxL27__exchange_and_add_dispatchEPii
FNDA:0,_ZN9__gnu_cxxL27__exchange_and_add_dispatchEPii
DA:48,0
DA:49,0
DA:65,0
DA:67,0
DA:68,0
DA:69,0
DA:78,0
DA:81,0
DA:82,0
DA:84,0
end_of_record
TN:
SF:/home/mburakowski/pobiektowe/zad5_3-mburakow/include/Wektor3D.hh
end_of_record
SF:/usr/include/c++/9/iostream
end_of_record
TN:
SF:/home/mburakowski/pobiektowe/zad5_3-mburakow/src/example.cpp
FN:3,_ZN5DummyC2Ev
FNDA:1,_ZN5DummyC2Ev
FN:7,_ZN5Dummy11doSomethingEv
FNDA:1,_ZN5Dummy11doSomethingEv
DA:3,1
DA:5,1
DA:7,1
DA:9,1
DA:10,1
DA:11,1
end_of_record
TN:
SF:/usr/include/c++/9/bits/move.h
FN:47,_ZSt11__addressofI6WektorILi3EEEPT_RS2_
FNDA:0,_ZSt11__addressofI6WektorILi3EEEPT_RS2_
FN:74,_ZSt7forwardIRK6WektorILi3EEEOT_RNSt16remove_referenceIS4_E4typeE
FNDA:0,_ZSt7forwardIRK6WektorILi3EEEOT_RNSt16remove_referenceIS4_E4typeE
FN:74,_ZSt7forwardI6WektorILi3EEEOT_RNSt16remove_referenceIS2_E4typeE
FNDA:0,_ZSt7forwardI6WektorILi3EEEOT_RNSt16remove_referenceIS2_E4typeE
FN:99,_ZSt4moveIRSaIcEEONSt16remove_referenceIT_E4typeEOS3_
FNDA:0,_ZSt4moveIRSaIcEEONSt16remove_referenceIT_E4typeEOS3_
FN:99,_ZSt4moveIR6WektorILi3EEEONSt16remove_referenceIT_E4typeEOS4_
FNDA:0,_ZSt4moveIR6WektorILi3EEEONSt16remove_referenceIT_E4typeEOS4_
DA:47,0
DA:48,0
DA:74,0
DA:75,0
DA:74,0
DA:75,0
DA:99,0
DA:100,0
DA:99,0
DA:100,0
end_of_record
SF:/usr/include/c++/9/bits/stl_iterator_base_funcs.h
FN:98,_ZSt10__distanceIPcENSt15iterator_traitsIT_E15difference_typeES2_S2_St26random_access_iterator_tag
FNDA:0,_ZSt10__distanceIPcENSt15iterator_traitsIT_E15difference_typeES2_S2_St26random_access_iterator_tag
FN:138,_ZSt8distanceIPcENSt15iterator_traitsIT_E15difference_typeES2_S2_
FNDA:0,_ZSt8distanceIPcENSt15iterator_traitsIT_E15difference_typeES2_S2_
DA:98,0
DA:104,0
DA:138,0
DA:141,0
DA:142,0
end_of_record
SF:/usr/include/c++/9/bits/stl_construct.h
FN:74,_ZSt10_ConstructI6WektorILi3EEJRKS1_EEvPT_DpOT0_
FNDA:0,_ZSt10_ConstructI6WektorILi3EEJRKS1_EEvPT_DpOT0_
FN:97,_ZSt8_DestroyI6WektorILi3EEEvPT_
FNDA:0,_ZSt8_DestroyI6WektorILi3EEEvPT_
FN:105,_ZNSt12_Destroy_auxILb0EE9__destroyIP6WektorILi3EEEEvT_S5_
FNDA:0,_ZNSt12_Destroy_auxILb0EE9__destroyIP6WektorILi3EEEEvT_S5_
FN:127,_ZSt8_DestroyIP6WektorILi3EEEvT_S3_
FNDA:0,_ZSt8_DestroyIP6WektorILi3EEEvT_S3_
FN:203,_ZSt8_DestroyIP6WektorILi3EES1_EvT_S3_RSaIT0_E
FNDA:0,_ZSt8_DestroyIP6WektorILi3EES1_EvT_S3_RSaIT0_E
DA:74,0
DA:75,0
DA:97,0
DA:98,0
DA:105,0
DA:107,0
DA:108,0
DA:109,0
DA:127,0
DA:137,0
DA:138,0
DA:203,0
DA:206,0
DA:207,0
end_of_record
SF:/usr/include/c++/9/bits/vector.tcc
FN:109,_ZNSt6vectorI6WektorILi3EESaIS1_EE12emplace_backIJS1_EEERS1_DpOT_
FNDA:0,_ZNSt6vectorI6WektorILi3EESaIS1_EE12emplace_backIJS1_EEERS1_DpOT_
FN:426,_ZNSt6vectorI6WektorILi3EESaIS1_EE17_M_realloc_insertIJS1_EEEvN9__gnu_cxx17__normal_iteratorIPS1_S3_EEDpOT_
FNDA:0,_ZNSt6vectorI6WektorILi3EESaIS1_EE17_M_realloc_insertIJS1_EEEvN9__gnu_cxx17__normal_iteratorIPS1_S3_EEDpOT_
DA:109,0
DA:112,0
DA:115,0
DA:117,0
DA:121,0
DA:123,0
DA:426,0
DA:435,0
DA:437,0
DA:438,0
DA:439,0
DA:440,0
DA:441,0
DA:449,0
DA:450,0
DA:456,0
DA:474,0
DA:475,0
DA:477,0
DA:481,0
DA:482,0
DA:485,0
DA:487,0
DA:488,0
DA:489,0
DA:491,0
DA:492,0
DA:493,0
DA:498,0
DA:500,0
DA:501,0
DA:502,0
DA:503,0
DA:504,0
DA:505,0
end_of_record
SF:/usr/include/c++/9/bits/allocator.h
FN:138,_ZNSaI6WektorILi3EEEC2Ev
FNDA:0,_ZNSaI6WektorILi3EEEC2Ev
FN:153,_ZNSaI6WektorILi3EEED2Ev
FNDA:0,_ZNSaI6WektorILi3EEED2Ev
DA:138,0
DA:153,0
end_of_record
SF:/usr/include/c++/9/bits/stl_algobase.h
FN:198,_ZSt3minImERKT_S2_S2_
FNDA:0,_ZSt3minImERKT_S2_S2_
FN:222,_ZSt3maxImERKT_S2_S2_
FNDA:0,_ZSt3maxImERKT_S2_S2_
DA:198,0
DA:203,0
DA:204,0
DA:205,0
DA:222,0
DA:227,0
DA:228,0
DA:229,0
end_of_record
SF:/usr/include/c++/9/iostream
end_of_record
SF:/usr/include/c++/9/bits/stl_iterator_base_types.h
FN:205,_ZSt19__iterator_categoryIPcENSt15iterator_traitsIT_E17iterator_categoryERKS2_
FNDA:0,_ZSt19__iterator_categoryIPcENSt15iterator_traitsIT_E17iterator_categoryERKS2_
DA:205,0
DA:206,0
end_of_record
SF:/usr/include/c++/9/bits/basic_string.tcc
FN:206,_ZNSt7__cxx1112basic_stringIcSt11char_traitsIcESaIcEE12_M_constructIPcEEvT_S7_St20forward_iterator_tag
FNDA:0,_ZNSt7__cxx1112basic_stringIcSt11char_traitsIcESaIcEE12_M_constructIPcEEvT_S7_St20forward_iterator_tag
DA:206,0
DA:211,0
DA:212,0
DA:215,0
DA:217,0
DA:219,0
DA:220,0
DA:225,0
DA:226,0
DA:228,0
DA:229,0
DA:232,0
DA:233,0
end_of_record
SF:/usr/include/c++/9/bits/basic_string.h
FN:243,_ZNSt7__cxx1112basic_stringIcSt11char_traitsIcESaIcEE16_M_construct_auxIPcEEvT_S7_St12__false_type
FNDA:0,_ZNSt7__cxx1112basic_stringIcSt11char_traitsIcESaIcEE16_M_construct_auxIPcEEvT_S7_St12__false_type
FN:263,_ZNSt7__cxx1112basic_stringIcSt11char_traitsIcESaIcEE12_M_constructIPcEEvT_S7_
FNDA:0,_ZNSt7__cxx1112basic_stringIcSt11char_traitsIcESaIcEE12_M_constructIPcEEvT_S7_
DA:243,0
DA:247,0
DA:248,0
DA:263,0
DA:266,0
DA:267,0
end_of_record
SF:/usr/include/c++/9/bits/stl_vector.h
FN:94,_ZNSt12_Vector_baseI6WektorILi3EESaIS1_EE17_Vector_impl_dataC2Ev
FNDA:0,_ZNSt12_Vector_baseI6WektorILi3EESaIS1_EE17_Vector_impl_dataC2Ev
FN:128,_ZNSt12_Vector_baseI6WektorILi3EESaIS1_EE12_Vector_implC2Ev
FNDA:0,_ZNSt12_Vector_baseI6WektorILi3EESaIS1_EE12_Vector_implC2Ev
FN:273,_ZNSt12_Vector_baseI6WektorILi3EESaIS1_EE19_M_get_Tp_allocatorEv
FNDA:0,_ZNSt12_Vector_baseI6WektorILi3EESaIS1_EE19_M_get_Tp_allocatorEv
FN:277,_ZNKSt12_Vector_baseI6WektorILi3EESaIS1_EE19_M_get_Tp_allocatorEv
FNDA:0,_ZNKSt12_Vector_baseI6WektorILi3EESaIS1_EE19_M_get_Tp_allocatorEv
FN:285,_ZNSt12_Vector_baseI6WektorILi3EESaIS1_EEC2Ev
FNDA:0,_ZNSt12_Vector_baseI6WektorILi3EESaIS1_EEC2Ev
FN:330,_ZNSt12_Vector_baseI6WektorILi3EESaIS1_EED2Ev
FNDA:0,_ZNSt12_Vector_baseI6WektorILi3EESaIS1_EED2Ev
FN:340,_ZNSt12_Vector_baseI6WektorILi3EESaIS1_EE11_M_allocateEm
FNDA:0,_ZNSt12_Vector_baseI6WektorILi3EESaIS1_EE11_M_allocateEm
FN:347,_ZNSt12_Vector_baseI6WektorILi3EESaIS1_EE13_M_deallocateEPS1_m
FNDA:0,_ZNSt12_Vector_baseI6WektorILi3EESaIS1_EE13_M_deallocateEPS1_m
FN:484,_ZNSt6vectorI6WektorILi3EESaIS1_EEC2Ev
FNDA:0,_ZNSt6vectorI6WektorILi3EESaIS1_EEC2Ev
FN:675,_ZNSt6vectorI6WektorILi3EESaIS1_EED2Ev
FNDA:0,_ZNSt6vectorI6WektorILi3EESaIS1_EED2Ev
FN:808,_ZNSt6vectorI6WektorILi3EESaIS1_EE5beginEv
FNDA:0,_ZNSt6vectorI6WektorILi3EESaIS1_EE5beginEv
FN:826,_ZNSt6vectorI6WektorILi3EESaIS1_EE3endEv
FNDA:0,_ZNSt6vectorI6WektorILi3EESaIS1_EE3endEv
FN:915,_ZNKSt6vectorI6WektorILi3EESaIS1_EE4sizeEv
FNDA:0,_ZNKSt6vectorI6WektorILi3EESaIS1_EE4sizeEv
FN:920,_ZNKSt6vectorI6WektorILi3EESaIS1_EE8max_sizeEv
FNDA:0,_ZNKSt6vectorI6WektorILi3EESaIS1_EE8max_sizeEv
FN:1040,_ZNSt6vectorI6WektorILi3EESaIS1_EEixEm
FNDA:0,_ZNSt6vectorI6WektorILi3EESaIS1_EEixEm
FN:1058,_ZNKSt6vectorI6WektorILi3EESaIS1_EEixEm
FNDA:0,_ZNKSt6vectorI6WektorILi3EESaIS1_EEixEm
FN:1140,_ZNSt6vectorI6WektorILi3EESaIS1_EE4backEv
FNDA:0,_ZNSt6vectorI6WektorILi3EESaIS1_EE4backEv
FN:1200,_ZNSt6vectorI6WektorILi3EESaIS1_EE9push_backEOS1_
FNDA:0,_ZNSt6vectorI6WektorILi3EESaIS1_EE9push_backEOS1_
FN:1753,_ZNKSt6vectorI6WektorILi3EESaIS1_EE12_M_check_lenEmPKc
FNDA:0,_ZNKSt6vectorI6WektorILi3EESaIS1_EE12_M_check_lenEmPKc
FN:1773,_ZNSt6vectorI6WektorILi3EESaIS1_EE11_S_max_sizeERKS2_
FNDA:0,_ZNSt6vectorI6WektorILi3EESaIS1_EE11_S_max_sizeERKS2_
DA:94,0
DA:95,0
DA:96,0
DA:128,0
DA:130,0
DA:131,0
DA:273,0
DA:274,0
DA:277,0
DA:278,0
DA:285,0
DA:330,0
DA:332,0
DA:333,0
DA:334,0
DA:340,0
DA:343,0
DA:347,0
DA:350,0
DA:351,0
DA:352,0
DA:484,0
DA:675,0
DA:677,0
DA:678,0
DA:680,0
DA:808,0
DA:809,0
DA:826,0
DA:827,0
DA:915,0
DA:916,0
DA:920,0
DA:921,0
DA:1040,0
DA:1043,0
DA:1058,0
DA:1061,0
DA:1140,0
DA:1143,0
DA:1200,0
DA:1201,0
DA:1753,0
DA:1755,0
DA:1756,0
DA:1758,0
DA:1759,0
DA:1773,0
DA:1778,0
DA:1780,0
DA:1781,0
end_of_record
SF:/usr/include/c++/9/new
FN:173,_ZnwmPv
FNDA:0,_ZnwmPv
DA:173,0
DA:174,0
end_of_record
SF:/usr/include/c++/9/ext/new_allocator.h
FN:80,_ZN9__gnu_cxx13new_allocatorI6WektorILi3EEEC2Ev
FNDA:0,_ZN9__gnu_cxx13new_allocatorI6WektorILi3EEEC2Ev
FN:80,_ZN9__gnu_cxx13new_allocatorIcEC2Ev
FNDA:0,_ZN9__gnu_cxx13new_allocatorIcEC2Ev
FN:83,_ZN9__gnu_cxx13new_allocatorIcEC2ERKS1_
FNDA:0,_ZN9__gnu_cxx13new_allocatorIcEC2ERKS1_
FN:89,_ZN9__gnu_cxx13new_allocatorI6WektorILi3EEED2Ev
FNDA:0,_ZN9__gnu_cxx13new_allocatorI6WektorILi3EEED2Ev
FN:89,_ZN9__gnu_cxx13new_allocatorIcED2Ev
FNDA:0,_ZN9__gnu_cxx13new_allocatorIcED2Ev
FN:102,_ZN9__gnu_cxx13new_allocatorI6WektorILi3EEE8allocateEmPKv
FNDA:0,_ZN9__gnu_cxx13new_allocatorI6WektorILi3EEE8allocateEmPKv
FN:119,_ZN9__gnu_cxx13new_allocatorI6WektorILi3EEE10deallocateEPS2_m
FNDA:0,_ZN9__gnu_cxx13new_allocatorI6WektorILi3EEE10deallocateEPS2_m
FN:132,_ZNK9__gnu_cxx13new_allocatorI6WektorILi3EEE8max_sizeEv
FNDA:0,_ZNK9__gnu_cxx13new_allocatorI6WektorILi3EEE8max_sizeEv
FN:144,_ZN9__gnu_cxx13new_allocatorI6WektorILi3EEE9constructIS2_JS2_EEEvPT_DpOT0_
FNDA:0,_ZN9__gnu_cxx13new_allocatorI6WektorILi3EEE9constructIS2_JS2_EEEvPT_DpOT0_
FN:151,_ZN9__gnu_cxx13new_allocatorI6WektorILi3EEE7destroyIS2_EEvPT_
FNDA:0,_ZN9__gnu_cxx13new_allocatorI6WektorILi3EEE7destroyIS2_EEvPT_
DA:80,0
DA:80,0
DA:83,0
DA:89,0
DA:89,0
DA:102,0
DA:104,0
DA:105,0
DA:114,0
DA:119,0
DA:128,0
DA:132,0
DA:135,0
DA:144,0
DA:147,0
DA:151,0
DA:153,0
end_of_record
SF:/home/mburakowski/pobiektowe/zad5_3-mburakow/src/Plaszczyzna.cpp
FN:4,_ZN11PlaszczyznaC2E6WektorILi3EEiNSt7__cxx1112basic_stringIcSt11char_traitsIcESaIcEEE
FNDA:0,_ZN11PlaszczyznaC2E6WektorILi3EEiNSt7__cxx1112basic_stringIcSt11char_traitsIcESaIcEEE
FN:21,_ZN11PlaszczyznaixEi
FNDA:0,_ZN11PlaszczyznaixEi
FN:25,_ZNK11PlaszczyznaixEi
FNDA:0,_ZNK11PlaszczyznaixEi
FN:30,_ZN11Plaszczyzna9set_nazwaENSt7__cxx1112basic_stringIcSt11char_traitsIcESaIcEEE
FNDA:0,_ZN11Plaszczyzna9set_nazwaENSt7__cxx1112basic_stringIcSt11char_traitsIcESaIcEEE
FN:35,_ZNK11Plaszczyzna9get_nazwaB5cxx11Ev
FNDA:0,_ZNK11Plaszczyzna9get_nazwaB5cxx11Ev
FN:40,_ZN11Plaszczyzna6zapiszEv
FNDA:0,_ZN11Plaszczyzna6zapiszEv
DA:4,0
DA:6,0
DA:8,0
DA:9,0
DA:11,0
DA:13,0
DA:14,0
DA:16,0
DA:18,0
DA:20,0
DA:21,0
DA:23,0
DA:25,0
DA:27,0
DA:30,0
DA:32,0
DA:33,0
DA:35,0
DA:37,0
DA:40,0
DA:42,0
DA:44,0
DA:45,0
DA:47,0
DA:48,0
DA:49,0
DA:52,0
DA:53,0
end_of_record
SF:/usr/include/c++/9/bits/alloc_traits.h
FN:443,_ZNSt16allocator_traitsISaI6WektorILi3EEEE8allocateERS2_m
FNDA:0,_ZNSt16allocator_traitsISaI6WektorILi3EEEE8allocateERS2_m
FN:469,_ZNSt16allocator_traitsISaI6WektorILi3EEEE10deallocateERS2_PS1_m
FNDA:0,_ZNSt16allocator_traitsISaI6WektorILi3EEEE10deallocateERS2_PS1_m
FN:482,_ZNSt16allocator_traitsISaI6WektorILi3EEEE9constructIS1_JS1_EEEvRS2_PT_DpOT0_
FNDA:0,_ZNSt16allocator_traitsISaI6WektorILi3EEEE9constructIS1_JS1_EEEvRS2_PT_DpOT0_
FN:495,_ZNSt16allocator_traitsISaI6WektorILi3EEEE7destroyIS1_EEvRS2_PT_
FNDA:0,_ZNSt16allocator_traitsISaI6WektorILi3EEEE7destroyIS1_EEvRS2_PT_
FN:505,_ZNSt16allocator_traitsISaI6WektorILi3EEEE8max_sizeERKS2_
FNDA:0,_ZNSt16allocator_traitsISaI6WektorILi3EEEE8max_sizeERKS2_
FN:514,_ZNSt16allocator_traitsISaIcEE37select_on_container_copy_constructionERKS0_
FNDA:0,_ZNSt16allocator_traitsISaIcEE37select_on_container_copy_constructionERKS0_
DA:443,0
DA:444,0
DA:469,0
DA:470,0
DA:482,0
DA:484,0
DA:495,0
DA:497,0
DA:505,0
DA:506,0
DA:514,0
DA:515,0
end_of_record
SF:/usr/include/c++/9/ext/type_traits.h
FN:152,_ZN9__gnu_cxx17__is_null_pointerIcEEbPT_
FNDA:0,_ZN9__gnu_cxx17__is_null_pointerIcEEbPT_
DA:152,0
DA:153,0
end_of_record
SF:/usr/include/c++/9/ext/alloc_traits.h
FN:97,_ZN9__gnu_cxx14__alloc_traitsISaIcEcE17_S_select_on_copyERKS1_
FNDA:0,_ZN9__gnu_cxx14__alloc_traitsISaIcEcE17_S_select_on_copyERKS1_
DA:97,0
DA:98,0
end_of_record
SF:/usr/include/c++/9/bits/stl_iterator.h
FN:806,_ZN9__gnu_cxx17__normal_iteratorIP6WektorILi3EESt6vectorIS2_SaIS2_EEEC2ERKS3_
FNDA:0,_ZN9__gnu_cxx17__normal_iteratorIP6WektorILi3EESt6vectorIS2_SaIS2_EEEC2ERKS3_
FN:819,_ZNK9__gnu_cxx17__normal_iteratorIP6WektorILi3EESt6vectorIS2_SaIS2_EEEdeEv
FNDA:0,_ZNK9__gnu_cxx17__normal_iteratorIP6WektorILi3EESt6vectorIS2_SaIS2_EEEdeEv
FN:867,_ZNK9__gnu_cxx17__normal_iteratorIP6WektorILi3EESt6vectorIS2_SaIS2_EEEmiEl
FNDA:0,_ZNK9__gnu_cxx17__normal_iteratorIP6WektorILi3EESt6vectorIS2_SaIS2_EEEmiEl
FN:871,_ZNK9__gnu_cxx17__normal_iteratorIP6WektorILi3EESt6vectorIS2_SaIS2_EEE4baseEv
FNDA:0,_ZNK9__gnu_cxx17__normal_iteratorIP6WektorILi3EESt6vectorIS2_SaIS2_EEE4baseEv
FN:989,_ZN9__gnu_cxxmiIP6WektorILi3EESt6vectorIS2_SaIS2_EEEENS_17__normal_iteratorIT_T0_E15difference_typeERKSA_SD_
FNDA:0,_ZN9__gnu_cxxmiIP6WektorILi3EESt6vectorIS2_SaIS2_EEEENS_17__normal_iteratorIT_T0_E15difference_typeERKSA_SD_
FN:1242,_ZSt32__make_move_if_noexcept_iteratorI6WektorILi3EEPKS1_ET0_PT_
FNDA:0,_ZSt32__make_move_if_noexcept_iteratorI6WektorILi3EEPKS1_ET0_PT_
DA:806,0
DA:807,0
DA:819,0
DA:820,0
DA:867,0
DA:868,0
DA:871,0
DA:872,0
DA:989,0
DA:992,0
DA:1242,0
DA:1243,0
end_of_record
SF:/usr/include/c++/9/bits/stl_uninitialized.h
FN:76,_ZNSt20__uninitialized_copyILb0EE13__uninit_copyIPK6WektorILi3EEPS3_EET0_T_S8_S7_
FNDA:0,_ZNSt20__uninitialized_copyILb0EE13__uninit_copyIPK6WektorILi3EEPS3_EET0_T_S8_S7_
FN:115,_ZSt18uninitialized_copyIPK6WektorILi3EEPS1_ET0_T_S6_S5_
FNDA:0,_ZSt18uninitialized_copyIPK6WektorILi3EEPS1_ET0_T_S6_S5_
FN:305,_ZSt22__uninitialized_copy_aIPK6WektorILi3EEPS1_S1_ET0_T_S6_S5_RSaIT1_E
FNDA:0,_ZSt22__uninitialized_copy_aIPK6WektorILi3EEPS1_S1_ET0_T_S6_S5_RSaIT1_E
FN:323,_ZSt34__uninitialized_move_if_noexcept_aIP6WektorILi3EES2_SaIS1_EET0_T_S5_S4_RT1_
FNDA:0,_ZSt34__uninitialized_move_if_noexcept_aIP6WektorILi3EES2_SaIS1_EET0_T_S5_S4_RT1_
DA:76,0
DA:79,0
DA:82,0
DA:83,0
DA:84,0
DA:115,0
DA:134,0
DA:140,0
DA:305,0
DA:307,0
DA:323,0
DA:329,0
DA:330,0
end_of_record
SF:/home/mburakowski/pobiektowe/zad5_3-mburakow/include/Wektor.hh
FN:24,_ZN6WektorILi3EEC2ERKS0_
FNDA:0,_ZN6WektorILi3EEC2ERKS0_
FN:75,_ZN6WektorILi3EEC2EPd
FNDA:0,_ZN6WektorILi3EEC2EPd
FN:84,_ZN6WektorILi3EED2Ev
FNDA:0,_ZN6WektorILi3EED2Ev
FN:90,_ZNK6WektorILi3EEixEi
FNDA:0,_ZNK6WektorILi3EEixEi
FN:101,_ZN6WektorILi3EEixEi
FNDA:0,_ZN6WektorILi3EEixEi
FN:145,_ZlsILi3EERSoS0_RK6WektorIXT_EE
FNDA:0,_ZlsILi3EERSoS0_RK6WektorIXT_EE
DA:24,0
DA:26,0
DA:27,0
DA:28,0
DA:29,0
DA:75,0
DA:77,0
DA:78,0
DA:79,0
DA:80,0
DA:81,0
DA:84,0
DA:86,0
DA:87,0
DA:90,0
DA:92,0
DA:94,0
DA:95,0
DA:97,0
DA:101,0
DA:103,0
DA:105,0
DA:106,0
DA:108,0
DA:145,0
DA:147,0
DA:149,0
DA:151,0
end_of_record
